#
# There is insufficient memory for the Java Runtime Environment to continue.
# Native memory allocation (malloc) failed to allocate 1048592 bytes for Chunk::new
# Possible reasons:
#   The system is out of physical RAM or swap space
#   In 32 bit mode, the process size limit was hit
# Possible solutions:
#   Reduce memory load on the system
#   Increase physical memory or swap space
#   Check if swap backing store is full
#   Use 64 bit Java on a 64 bit OS
#   Decrease Java heap size (-Xmx/-Xms)
#   Decrease number of Java threads
#   Decrease Java thread stack sizes (-Xss)
#   Set larger code cache with -XX:ReservedCodeCacheSize=
# This output file may be truncated or incomplete.
#
#  Out of Memory Error (allocation.cpp:390), pid=10892, tid=9752
#
# JRE version: Java(TM) SE Runtime Environment (8.0_25-b18) (build 1.8.0_25-b18)
# Java VM: Java HotSpot(TM) 64-Bit Server VM (25.25-b02 mixed mode windows-amd64 compressed oops)
# Failed to write core dump. Minidumps are not enabled by default on client versions of Windows
#

---------------  T H R E A D  ---------------

Current thread (0x000000005333d000):  JavaThread "C2 CompilerThread0" daemon [_thread_in_native, id=9752, stack(0x0000000054c30000,0x0000000054d30000)]

Stack: [0x0000000054c30000,0x0000000054d30000]
Native frames: (J=compiled Java code, j=interpreted, Vv=VM code, C=native code)
V  [jvm.dll+0x31667a]
V  [jvm.dll+0x267073]
V  [jvm.dll+0x267cb3]
V  [jvm.dll+0x25f5b5]
V  [jvm.dll+0xbf165]
V  [jvm.dll+0xbf60c]
V  [jvm.dll+0x40c68]
V  [jvm.dll+0x45f0b0]
V  [jvm.dll+0x45f36a]
V  [jvm.dll+0x4601f6]
V  [jvm.dll+0x4625fa]
V  [jvm.dll+0x464745]
V  [jvm.dll+0x4650cc]
V  [jvm.dll+0x465413]
V  [jvm.dll+0x4522c3]
V  [jvm.dll+0x453864]
V  [jvm.dll+0x437372]
V  [jvm.dll+0x98a02]
V  [jvm.dll+0x991f3]
V  [jvm.dll+0x22bde4]
V  [jvm.dll+0x2852fa]
C  [msvcr100.dll+0x21d9f]
C  [msvcr100.dll+0x21e3b]
C  [kernel32.dll+0x1f56d]
C  [ntdll.dll+0x33281]


Current CompileTask:
C2:3396614 11104       4       java.lang.Class::privateGetPublicMethods (267 bytes)


---------------  P R O C E S S  ---------------

Java Threads: ( => current thread )
  0x0000000059d7f800 JavaThread "Stdin handler" [_thread_blocked, id=11284, stack(0x0000000057a90000,0x0000000057b90000)]
  0x0000000059d7c800 JavaThread "Cancel handler" [_thread_blocked, id=9920, stack(0x000000005a5a0000,0x000000005a6a0000)]
  0x0000000059d79800 JavaThread "Handler for socket connection from /127.0.0.1:51089 to /127.0.0.1:51685" [_thread_in_native, id=5392, stack(0x00000000577a0000,0x00000000578a0000)]
  0x0000000059d7f000 JavaThread "Daemon worker Thread 2" [_thread_in_native, id=11460, stack(0x0000000057540000,0x0000000057640000)]
  0x0000000059d78000 JavaThread "Daemon Thread 2" [_thread_blocked, id=12276, stack(0x0000000057430000,0x0000000057530000)]
  0x0000000058a2f800 JavaThread "File lock request listener" [_thread_in_native, id=11980, stack(0x000000005a250000,0x000000005a350000)]
  0x000000005604b000 JavaThread "Incoming local TCP Connector on port 51089" [_thread_in_native, id=11884, stack(0x0000000057020000,0x0000000057120000)]
  0x0000000055017000 JavaThread "Service Thread" daemon [_thread_blocked, id=11824, stack(0x0000000054750000,0x0000000054850000)]
  0x0000000053342800 JavaThread "C1 CompilerThread2" daemon [_thread_blocked, id=11828, stack(0x0000000054ec0000,0x0000000054fc0000)]
  0x0000000053341000 JavaThread "C2 CompilerThread1" daemon [_thread_blocked, id=11848, stack(0x0000000054d80000,0x0000000054e80000)]
=>0x000000005333d000 JavaThread "C2 CompilerThread0" daemon [_thread_in_native, id=9752, stack(0x0000000054c30000,0x0000000054d30000)]
  0x000000005334f000 JavaThread "Attach Listener" daemon [_thread_blocked, id=11844, stack(0x0000000054ab0000,0x0000000054bb0000)]
  0x000000005334c000 JavaThread "Signal Dispatcher" daemon [_thread_blocked, id=11840, stack(0x0000000054850000,0x0000000054950000)]
  0x00000000532de800 JavaThread "Finalizer" daemon [_thread_blocked, id=11832, stack(0x00000000545f0000,0x00000000546f0000)]
  0x00000000532db000 JavaThread "Reference Handler" daemon [_thread_blocked, id=11808, stack(0x0000000054290000,0x0000000054390000)]
  0x000000000026e000 JavaThread "main" [_thread_blocked, id=11804, stack(0x00000000023e0000,0x00000000024e0000)]

Other Threads:
  0x00000000532d5800 VMThread [stack: 0x0000000054410000,0x0000000054510000] [id=11812]
  0x0000000053347800 WatcherThread [stack: 0x0000000055500000,0x0000000055600000] [id=1788]

VM state:not at safepoint (normal execution)

VM Mutex/Monitor currently owned by a thread: None

Heap:
 PSYoungGen      total 65024K, used 57138K [0x00000000fab00000, 0x00000000ffe00000, 0x0000000100000000)
  eden space 59392K, 86% used [0x00000000fab00000,0x00000000fdd4db80,0x00000000fe500000)
  from space 5632K, 99% used [0x00000000fe500000,0x00000000fea7ef60,0x00000000fea80000)
  to   space 12800K, 0% used [0x00000000ff180000,0x00000000ff180000,0x00000000ffe00000)
 ParOldGen       total 138240K, used 110862K [0x00000000f0000000, 0x00000000f8700000, 0x00000000fab00000)
  object space 138240K, 80% used [0x00000000f0000000,0x00000000f6c438e0,0x00000000f8700000)
 Metaspace       used 108802K, capacity 115224K, committed 117248K, reserved 1148928K
  class space    used 15086K, capacity 17296K, committed 17920K, reserved 1048576K

Card table byte_map: [0x0000000001bd0000,0x0000000001c60000] byte_map_base: 0x0000000001450000

Marking Bits: (ParMarkBitMap*) 0x000000007095d490
 Begin Bits: [0x0000000012150000, 0x0000000012550000)
 End Bits:   [0x0000000012550000, 0x0000000012950000)

Polling page: 0x0000000000130000

CodeCache: size=245760Kb used=32444Kb max_used=32456Kb free=213315Kb
 bounds [0x00000000027b0000, 0x0000000004790000, 0x00000000117b0000]
 total_blobs=9625 nmethods=8926 adapters=611
 compilation: enabled

Compilation events (10 events):
Event: 3394.987 Thread 0x0000000053342800 nmethod 11123 0x00000000047823d0 code [0x0000000004782540, 0x0000000004782768]
Event: 3394.987 Thread 0x0000000053342800 11124       3       org.gradle.logging.internal.ProgressLogEventGenerator$Operation::access$002 (7 bytes)
Event: 3394.987 Thread 0x0000000053342800 nmethod 11124 0x0000000004784e90 code [0x0000000004784fe0, 0x0000000004785130]
Event: 3394.997 Thread 0x0000000053342800 11125       3       sun.reflect.ClassFileAssembler::opc_ifnonnull (37 bytes)
Event: 3394.998 Thread 0x0000000053342800 nmethod 11125 0x00000000047851d0 code [0x00000000047853e0, 0x0000000004785d38]
Event: 3395.000 Thread 0x0000000053342800 11126   !   3       org.gradle.initialization.DefaultBuildCancellationToken::isCancellationRequested (19 bytes)
Event: 3395.000 Thread 0x0000000053342800 nmethod 11126 0x0000000004786410 code [0x0000000004786560, 0x0000000004786830]
Event: 3395.003 Thread 0x0000000053341000 nmethod 11116 0x0000000004789e50 code [0x0000000004789fe0, 0x000000000478a8e8]
Event: 3395.003 Thread 0x0000000053341000 11115       4       com.sun.org.apache.xerces.internal.util.XMLAttributesImpl::removeAllAttributes (6 bytes)
Event: 3395.003 Thread 0x0000000053341000 nmethod 11115 0x0000000003dc3d10 code [0x0000000003dc3e40, 0x0000000003dc3e98]

GC Heap History (10 events):
Event: 3356.626 GC heap before
{Heap before GC invocations=69 (full 6):
 PSYoungGen      total 70144K, used 64192K [0x00000000fab00000, 0x00000000ffd80000, 0x0000000100000000)
  eden space 58880K, 100% used [0x00000000fab00000,0x00000000fe480000,0x00000000fe480000)
  from space 11264K, 47% used [0x00000000ff280000,0x00000000ff7b0220,0x00000000ffd80000)
  to   space 12800K, 0% used [0x00000000fe480000,0x00000000fe480000,0x00000000ff100000)
 ParOldGen       total 138240K, used 84880K [0x00000000f0000000, 0x00000000f8700000, 0x00000000fab00000)
  object space 138240K, 61% used [0x00000000f0000000,0x00000000f52e4258,0x00000000f8700000)
 Metaspace       used 99471K, capacity 104740K, committed 108288K, reserved 1140736K
  class space    used 13558K, capacity 15305K, committed 16640K, reserved 1048576K
Event: 3356.738 GC heap after
Heap after GC invocations=69 (full 6):
 PSYoungGen      total 71680K, used 9280K [0x00000000fab00000, 0x0000000100000000, 0x0000000100000000)
  eden space 58880K, 0% used [0x00000000fab00000,0x00000000fab00000,0x00000000fe480000)
  from space 12800K, 72% used [0x00000000fe480000,0x00000000fed90078,0x00000000ff100000)
  to   space 13824K, 0% used [0x00000000ff280000,0x00000000ff280000,0x0000000100000000)
 ParOldGen       total 138240K, used 87276K [0x00000000f0000000, 0x00000000f8700000, 0x00000000fab00000)
  object space 138240K, 63% used [0x00000000f0000000,0x00000000f553b018,0x00000000f8700000)
 Metaspace       used 99471K, capacity 104740K, committed 108288K, reserved 1140736K
  class space    used 13558K, capacity 15305K, committed 16640K, reserved 1048576K
}
Event: 3357.431 GC heap before
{Heap before GC invocations=70 (full 6):
 PSYoungGen      total 71680K, used 68160K [0x00000000fab00000, 0x0000000100000000, 0x0000000100000000)
  eden space 58880K, 100% used [0x00000000fab00000,0x00000000fe480000,0x00000000fe480000)
  from space 12800K, 72% used [0x00000000fe480000,0x00000000fed90078,0x00000000ff100000)
  to   space 13824K, 0% used [0x00000000ff280000,0x00000000ff280000,0x0000000100000000)
 ParOldGen       total 138240K, used 87276K [0x00000000f0000000, 0x00000000f8700000, 0x00000000fab00000)
  object space 138240K, 63% used [0x00000000f0000000,0x00000000f553b018,0x00000000f8700000)
 Metaspace       used 100732K, capacity 106202K, committed 109312K, reserved 1142784K
  class space    used 13795K, capacity 15663K, committed 16640K, reserved 1048576K
Event: 3357.575 GC heap after
Heap after GC invocations=70 (full 6):
 PSYoungGen      total 73216K, used 7109K [0x00000000fab00000, 0x0000000100000000, 0x0000000100000000)
  eden space 59392K, 0% used [0x00000000fab00000,0x00000000fab00000,0x00000000fe500000)
  from space 13824K, 51% used [0x00000000ff280000,0x00000000ff9715c8,0x0000000100000000)
  to   space 13824K, 0% used [0x00000000fe500000,0x00000000fe500000,0x00000000ff280000)
 ParOldGen       total 138240K, used 93992K [0x00000000f0000000, 0x00000000f8700000, 0x00000000fab00000)
  object space 138240K, 67% used [0x00000000f0000000,0x00000000f5bca3d8,0x00000000f8700000)
 Metaspace       used 100732K, capacity 106202K, committed 109312K, reserved 1142784K
  class space    used 13795K, capacity 15663K, committed 16640K, reserved 1048576K
}
Event: 3391.185 GC heap before
{Heap before GC invocations=71 (full 6):
 PSYoungGen      total 73216K, used 66501K [0x00000000fab00000, 0x0000000100000000, 0x0000000100000000)
  eden space 59392K, 100% used [0x00000000fab00000,0x00000000fe500000,0x00000000fe500000)
  from space 13824K, 51% used [0x00000000ff280000,0x00000000ff9715c8,0x0000000100000000)
  to   space 13824K, 0% used [0x00000000fe500000,0x00000000fe500000,0x00000000ff280000)
 ParOldGen       total 138240K, used 93992K [0x00000000f0000000, 0x00000000f8700000, 0x00000000fab00000)
  object space 138240K, 67% used [0x00000000f0000000,0x00000000f5bca3d8,0x00000000f8700000)
 Metaspace       used 101816K, capacity 107696K, committed 110336K, reserved 1142784K
  class space    used 14006K, capacity 15983K, committed 16896K, reserved 1048576K
Event: 3391.254 GC heap after
Heap after GC invocations=71 (full 6):
 PSYoungGen      total 65024K, used 5360K [0x00000000fab00000, 0x00000000ffe00000, 0x0000000100000000)
  eden space 59392K, 0% used [0x00000000fab00000,0x00000000fab00000,0x00000000fe500000)
  from space 5632K, 95% used [0x00000000fe500000,0x00000000fea3c010,0x00000000fea80000)
  to   space 12800K, 0% used [0x00000000ff180000,0x00000000ff180000,0x00000000ffe00000)
 ParOldGen       total 138240K, used 100453K [0x00000000f0000000, 0x00000000f8700000, 0x00000000fab00000)
  object space 138240K, 72% used [0x00000000f0000000,0x00000000f6219488,0x00000000f8700000)
 Metaspace       used 101816K, capacity 107696K, committed 110336K, reserved 1142784K
  class space    used 14006K, capacity 15983K, committed 16896K, reserved 1048576K
}
Event: 3393.076 GC heap before
{Heap before GC invocations=72 (full 6):
 PSYoungGen      total 65024K, used 64752K [0x00000000fab00000, 0x00000000ffe00000, 0x0000000100000000)
  eden space 59392K, 100% used [0x00000000fab00000,0x00000000fe500000,0x00000000fe500000)
  from space 5632K, 95% used [0x00000000fe500000,0x00000000fea3c010,0x00000000fea80000)
  to   space 12800K, 0% used [0x00000000ff180000,0x00000000ff180000,0x00000000ffe00000)
 ParOldGen       total 138240K, used 100453K [0x00000000f0000000, 0x00000000f8700000, 0x00000000fab00000)
  object space 138240K, 72% used [0x00000000f0000000,0x00000000f6219488,0x00000000f8700000)
 Metaspace       used 105348K, capacity 111464K, committed 113920K, reserved 1146880K
  class space    used 14504K, capacity 16572K, committed 17408K, reserved 1048576K
Event: 3393.095 GC heap after
Heap after GC invocations=72 (full 6):
 PSYoungGen      total 72192K, used 8079K [0x00000000fab00000, 0x00000000ffe00000, 0x0000000100000000)
  eden space 59392K, 0% used [0x00000000fab00000,0x00000000fab00000,0x00000000fe500000)
  from space 12800K, 63% used [0x00000000ff180000,0x00000000ff963c78,0x00000000ffe00000)
  to   space 5632K, 0% used [0x00000000fe500000,0x00000000fe500000,0x00000000fea80000)
 ParOldGen       total 138240K, used 103711K [0x00000000f0000000, 0x00000000f8700000, 0x00000000fab00000)
  object space 138240K, 75% used [0x00000000f0000000,0x00000000f6547f90,0x00000000f8700000)
 Metaspace       used 105348K, capacity 111464K, committed 113920K, reserved 1146880K
  class space    used 14504K, capacity 16572K, committed 17408K, reserved 1048576K
}
Event: 3393.980 GC heap before
{Heap before GC invocations=73 (full 6):
 PSYoungGen      total 72192K, used 67471K [0x00000000fab00000, 0x00000000ffe00000, 0x0000000100000000)
  eden space 59392K, 100% used [0x00000000fab00000,0x00000000fe500000,0x00000000fe500000)
  from space 12800K, 63% used [0x00000000ff180000,0x00000000ff963c78,0x00000000ffe00000)
  to   space 5632K, 0% used [0x00000000fe500000,0x00000000fe500000,0x00000000fea80000)
 ParOldGen       total 138240K, used 103711K [0x00000000f0000000, 0x00000000f8700000, 0x00000000fab00000)
  object space 138240K, 75% used [0x00000000f0000000,0x00000000f6547f90,0x00000000f8700000)
 Metaspace       used 107451K, capacity 113618K, committed 115968K, reserved 1146880K
  class space    used 14821K, capacity 16929K, committed 17664K, reserved 1048576K
Event: 3394.042 GC heap after
Heap after GC invocations=73 (full 6):
 PSYoungGen      total 65024K, used 5627K [0x00000000fab00000, 0x00000000ffe00000, 0x0000000100000000)
  eden space 59392K, 0% used [0x00000000fab00000,0x00000000fab00000,0x00000000fe500000)
  from space 5632K, 99% used [0x00000000fe500000,0x00000000fea7ef60,0x00000000fea80000)
  to   space 12800K, 0% used [0x00000000ff180000,0x00000000ff180000,0x00000000ffe00000)
 ParOldGen       total 138240K, used 110862K [0x00000000f0000000, 0x00000000f8700000, 0x00000000fab00000)
  object space 138240K, 80% used [0x00000000f0000000,0x00000000f6c438e0,0x00000000f8700000)
 Metaspace       used 107451K, capacity 113618K, committed 115968K, reserved 1146880K
  class space    used 14821K, capacity 16929K, committed 17664K, reserved 1048576K
}

Deoptimization events (10 events):
Event: 3354.566 Thread 0x0000000059d7f000 Uncommon trap: reason=null_check action=make_not_entrant pc=0x0000000003cf6088 method=org.codehaus.groovy.reflection.ClassInfo.getWeakMetaClass()Lgroovy/lang/MetaClass; @ 17
Event: 3354.566 Thread 0x0000000059d7f000 Uncommon trap: reason=unreached action=reinterpret pc=0x0000000003e7869c method=org.codehaus.groovy.util.LazyReference.get()Ljava/lang/Object; @ 33
Event: 3354.567 Thread 0x0000000059d7f000 Uncommon trap: reason=unreached action=reinterpret pc=0x0000000003d836d4 method=org.codehaus.groovy.util.ReferenceManager$1.removeStallEntries()V @ 11
Event: 3354.678 Thread 0x0000000059d7f000 Uncommon trap: reason=unreached action=reinterpret pc=0x0000000002f0dba8 method=org.codehaus.groovy.util.ManagedConcurrentMap$Entry.isValid()Z @ 4
Event: 3357.702 Thread 0x0000000059d7f000 Uncommon trap: reason=null_check action=make_not_entrant pc=0x000000000338b228 method=java.beans.MethodRef.get()Ljava/lang/reflect/Method; @ 16
Event: 3357.702 Thread 0x0000000059d7f000 Uncommon trap: reason=null_check action=make_not_entrant pc=0x0000000002a014cc method=java.beans.MethodRef.get()Ljava/lang/reflect/Method; @ 16
Event: 3357.737 Thread 0x0000000059d7f000 Uncommon trap: reason=unreached action=reinterpret pc=0x0000000003812370 method=org.codehaus.groovy.util.LazyReference.get()Ljava/lang/Object; @ 33
Event: 3357.737 Thread 0x0000000059d7f000 Uncommon trap: reason=unreached action=reinterpret pc=0x0000000003aa7f14 method=org.codehaus.groovy.util.LazyReference.get()Ljava/lang/Object; @ 33
Event: 3357.737 Thread 0x0000000059d7f000 Uncommon trap: reason=null_check action=make_not_entrant pc=0x0000000003c3f7e4 method=java.lang.Class.reflectionData()Ljava/lang/Class$ReflectionData; @ 24
Event: 3358.064 Thread 0x0000000059d7f000 Uncommon trap: reason=unreached action=reinterpret pc=0x000000000465c744 method=java.lang.ClassLoader.getBootstrapResource(Ljava/lang/String;)Ljava/net/URL; @ 11

Internal exceptions (10 events):
Event: 3394.932 Thread 0x0000000059d7f000 Exception <a 'java/security/PrivilegedActionException'> (0x00000000fd9412d0) thrown at [D:\re\workspace\8-2-build-windows-amd64-cygwin\jdk8u25\1677\hotspot\src\share\vm\prims\jvm.cpp, line 1312]
Event: 3394.932 Thread 0x0000000059d7f000 Exception <a 'java/lang/ClassNotFoundException': com/android/build/gradle/internal/core/MergedNdkConfigBeanInfo> (0x00000000fd941850) thrown at [D:\re\workspace\8-2-build-windows-amd64-cygwin\jdk8u25\1677\hotspot\src\share\vm\classfile\systemDictionary.cpp²F‚Ý…ª@
Event: 3394.932 Thread 0x0000000059d7f000 Exception <a 'java/security/PrivilegedActionException'> (0x00000000fd9474f0) thrown at [D:\re\workspace\8-2-build-windows-amd64-cygwin\jdk8u25\1677\hotspot\src\share\vm\prims\jvm.cpp, line 1312]
Event: 3394.932 Thread 0x0000000059d7f000 Exception <a 'java/security/PrivilegedActionException'> (0x00000000fd948560) thrown at [D:\re\workspace\8-2-build-windows-amd64-cygwin\jdk8u25\1677\hotspot\src\share\vm\prims\jvm.cpp, line 1312]
Event: 3394.932 Thread 0x0000000059d7f000 Exception <a 'java/security/PrivilegedActionException'> (0x00000000fd949448) thrown at [D:\re\workspace\8-2-build-windows-amd64-cygwin\jdk8u25\1677\hotspot\src\share\vm\prims\jvm.cpp, line 1312]
Event: 3394.932 Thread 0x0000000059d7f000 Exception <a 'java/security/PrivilegedActionException'> (0x00000000fd94fc08) thrown at [D:\re\workspace\8-2-build-windows-amd64-cygwin\jdk8u25\1677\hotspot\src\share\vm\prims\jvm.cpp, line 1312]
Event: 3394.932 Thread 0x0000000059d7f000 Exception <a 'java/lang/ClassNotFoundException': com/android/build/gradle/internal/core/MergedNdkConfigCustomizer> (0x00000000fd950188) thrown at [D:\re\workspace\8-2-build-windows-amd64-cygwin\jdk8u25\1677\hotspot\src\share\vm\classfile\systemDictionary.c)ÀúÙÞ…ª@
Event: 3394.935 Thread 0x0000000059d7f000 Exception <a 'java/security/PrivilegedActionException'> (0x00000000fd96aa40) thrown at [D:\re\workspace\8-2-build-windows-amd64-cygwin\jdk8u25\1677\hotspot\src\share\vm\prims\jvm.cpp, line 1312]
Event: 3394.935 Thread 0x0000000059d7f000 Exception <a 'java/security/PrivilegedActionException'> (0x00000000fd96bd38) thrown at [D:\re\workspace\8-2-build-windows-amd64-cygwin\jdk8u25\1677\hotspot\src\share\vm\prims\jvm.cpp, line 1312]
Event: 3394.935 Thread 0x0000000059d7f000 Exception <a 'java/security/PrivilegedActionException'> (0x00000000fd973948) thrown at [D:\re\workspace\8-2-build-windows-amd64-cygwin\jdk8u25\1677\hotspot\src\share\vm\prims\jvm.cpp, line 1312]

Events (10 events):
Event: 3394.931 loading class com/android/build/gradle/internal/core/MergedNdkConfigBeanInfo
Event: 3394.931 loading class com/android/build/gradle/internal/core/MergedNdkConfigBeanInfo done
Event: 3394.932 loading class com/android/build/gradle/internal/core/MergedNdkConfigBeanInfo
Event: 3394.932 loading class com/android/build/gradle/internal/core/MergedNdkConfigBeanInfo done
Event: 3394.932 loading class com/android/build/gradle/internal/core/MergedNdkConfigCustomizer
Event: 3394.932 loading class com/android/build/gradle/internal/core/MergedNdkConfigCustomizer done
Event: 3394.932 loading class com/android/build/gradle/internal/core/MergedNdkConfigCustomizer
Event: 3394.932 loading class com/android/build/gradle/internal/core/MergedNdkConfigCustomizer done
Event: 3394.935 loading class groovy/runtime/metaclass/com/android/builder/core/DefaultProductFlavorMetaClass
Event: 3394.935 loading class groovy/runtime/metaclass/com/android/builder/core/DefaultProductFlavorMetaClass done


Dynamic libraries:
0x000000013f670000 - 0x000000013f6a4000 	C:\Program Files\Java\jdk1.8.0_25\bin\java.exe
0x0000000076e00000 - 0x0000000076fab000 	C:\Windows\SYSTEM32\ntdll.dll
0x0000000076ce0000 - 0x0000000076dff000 	C:\Windows\system32\kernel32.dll
0x000007fefd000000 - 0x000007fefd06b000 	C:\Windows\system32\KERNELBASE.dll
0x000007fefefc0000 - 0x000007feff09b000 	C:\Windows\system32\ADVAPI32.dll
0x000007fefd700000 - 0x000007fefd79f000 	C:\Windows\system32\msvcrt.dll
0x000007fefd970000 - 0x000007fefd98f000 	C:\Windows\SYSTEM32\sechost.dll
0x000007fefd840000 - 0x000007fefd96e000 	C:\Windows\system32\RPCRT4.dll
0x0000000076be0000 - 0x0000000076cda000 	C:\Windows\system32\USER32.dll
0x000007feff0a0000 - 0x000007feff107000 	C:\Windows\system32\GDI32.dll
0x000007fefd130000 - 0x000007fefd13e000 	C:\Windows\system32\LPK.dll
0x000007fefe770000 - 0x000007fefe83a000 	C:\Windows\system32\USP10.dll
0x000007fefb840000 - 0x000007fefba34000 	C:\Windows\WinSxS\amd64_microsoft.windows.common-controls_6595b64144ccf1df_6.0.7600.16385_none_fa645303170382f6\COMCTL32.dll
0x000007fefea50000 - 0x000007fefeac1000 	C:\Windows\system32\SHLWAPI.dll
0x000007fefece0000 - 0x000007fefed0e000 	C:\Windows\system32\IMM32.DLL
0x000007fefeeb0000 - 0x000007fefefb9000 	C:\Windows\system32\MSCTF.dll
0x0000000057990000 - 0x0000000057a62000 	C:\Program Files\Java\jdk1.8.0_25\jre\bin\msvcr100.dll
0x0000000070180000 - 0x00000000709da000 	C:\Program Files\Java\jdk1.8.0_25\jre\bin\server\jvm.dll
0x000007fef83c0000 - 0x000007fef83c9000 	C:\Windows\system32\WSOCK32.dll
0x000007fefe720000 - 0x000007fefe76d000 	C:\Windows\system32\WS2_32.dll
0x000007fefee20000 - 0x000007fefee28000 	C:\Windows\system32\NSI.dll
0x000007fefb540000 - 0x000007fefb57b000 	C:\Windows\system32\WINMM.dll
0x0000000076fc0000 - 0x0000000076fc7000 	C:\Windows\system32\PSAPI.DLL
0x0000000072cd0000 - 0x0000000072cdf000 	C:\Program Files\Java\jdk1.8.0_25\jre\bin\verify.dll
0x0000000072ca0000 - 0x0000000072cc8000 	C:\Program Files\Java\jdk1.8.0_25\jre\bin\java.dll
0x0000000070d80000 - 0x0000000070d96000 	C:\Program Files\Java\jdk1.8.0_25\jre\bin\zip.dll
0x000007fefd990000 - 0x000007fefe716000 	C:\Windows\system32\SHELL32.dll
0x000007fefe840000 - 0x000007fefea41000 	C:\Windows\system32\ole32.dll
0x000007fefcd60000 - 0x000007fefcd6f000 	C:\Windows\system32\profapi.dll
0x000007fefc7e0000 - 0x000007fefc7f7000 	C:\Windows\system32\CRYPTSP.dll
0x000007fefc2d0000 - 0x000007fefc317000 	C:\Windows\system32\rsaenh.dll
0x000007fefc0a0000 - 0x000007fefc0be000 	C:\Windows\system32\USERENV.dll
0x000007fefcc50000 - 0x000007fefcc5f000 	C:\Windows\system32\CRYPTBASE.dll
0x0000000070ca0000 - 0x0000000070cba000 	C:\Program Files\Java\jdk1.8.0_25\jre\bin\net.dll
0x000007fefc590000 - 0x000007fefc5e4000 	C:\Windows\system32\mswsock.dll
0x000007fefc4d0000 - 0x000007fefc4d7000 	C:\Windows\System32\wship6.dll
0x000007fefa4e0000 - 0x000007fefa507000 	C:\Windows\system32\IPHLPAPI.DLL
0x000007fefa4d0000 - 0x000007fefa4db000 	C:\Windows\system32\WINNSI.DLL
0x000007fefa1b0000 - 0x000007fefa1c1000 	C:\Windows\system32\dhcpcsvc6.DLL
0x000007fefa190000 - 0x000007fefa1a8000 	C:\Windows\system32\dhcpcsvc.DLL
0x0000000070c80000 - 0x0000000070c91000 	C:\Program Files\Java\jdk1.8.0_25\jre\bin\nio.dll
0x000007fefb4f0000 - 0x000007fefb502000 	C:\Users\Cong\AppData\Local\Temp\native-platform1689012420507918751dir\native-platform.dll
0x000007fefcbf0000 - 0x000007fefcc47000 	C:\Windows\system32\apphelp.dll
0x0000000072e70000 - 0x0000000072e7d000 	C:\Program Files\Java\jdk1.8.0_25\jre\bin\management.dll
0x000007fef6f30000 - 0x000007fef7055000 	C:\Windows\system32\dbghelp.dll

VM Arguments:
jvm_args: -Xmx256m -Dfile.encoding=windows-1252 -Duser.country=SE -Duser.language=sv -Duser.variant 
java_command: org.gradle.launcher.daemon.bootstrap.GradleDaemon 2.2.1 C:\Users\Cong\.gradle\daemon 10800000 b7c46a8b-5f51-4a8f-ad7c-e0ce86721570 -Xmx256m -Dfile.encoding=windows-1252 -Duser.country=SE -Duser.language=sv -Duser.variant
java_class_path (initial): C:\Users\Cong\.gradle\wrapper\dists\gradle-2.2.1-all\c64ydeuardnfqctvr1gm30w53\gradle-2.2.1\lib\gradle-launcher-2.2.1.jar
Launcher Type: SUN_STANDARD

Environment Variables:
PATH=C:\ProgramData\Oracle\Java\javapath;C:\Windows\system32;C:\Windows;C:\Windows\System32\Wbem;C:\Windows\System32\WindowsPowerShell\v1.0\;C:\Program Files\Intel\WiFi\bin\;C:\Program Files\Common Files\Intel\WirelessCommon\;C:\Program Files (x86)\Intel\OpenCL SDK\2.0\bin\x86;C:\Program Files (x86)\Intel\OpenCL SDK\2.0\bin\x64;C:\Program Files\MATLAB\runtime\win64;C:\Program Files\MATLAB\bin;C:\Program Files (x86)\Skype\Phone\;C:\Program Files\Intel\WiFi\bin\;C:\Program Files\Common Files\Intel\WirelessCommon\
USERNAME=Cong
OS=Windows_NT
PROCESSOR_IDENTIFIER=Intel64 Family 6 Model 42 Stepping 7, GenuineIntel



---------------  S Y S T E M  ---------------

OS: Windows 7 , 64 bit Build 7600 

CPU:total 4 (2 cores per cpu, 2 threads per core) family 6 model 42 stepping 7, cmov, cx8, fxsr, mmx, sse, sse2, sse3, ssse3, sse4.1, sse4.2, popcnt, aes, clmul, ht, tsc, tscinvbit

Memory: 4k page, physical 4073636k(202124k free), swap 8603928k(5128k free)

vm_info: Java HotSpot(TM) 64-Bit Server VM (25.25-b02) for windows-amd64 JRE (1.8.0_25-b18), built on Oct  7 2014 14:25:37 by "java_re" with MS VC++ 10.0 (VS2010)

time: Wed Dec 23 23:21:14 2015
elapsed time: 3395 seconds (0d 0h 56m 35s)

