#
# There is insufficient memory for the Java Runtime Environment to continue.
# Native memory allocation (malloc) failed to allocate 720096 bytes for Chunk::new
# Possible reasons:
#   The system is out of physical RAM or swap space
#   In 32 bit mode, the process size limit was hit
# Possible solutions:
#   Reduce memory load on the system
#   Increase physical memory or swap space
#   Check if swap backing store is full
#   Use 64 bit Java on a 64 bit OS
#   Decrease Java heap size (-Xmx/-Xms)
#   Decrease number of Java threads
#   Decrease Java thread stack sizes (-Xss)
#   Set larger code cache with -XX:ReservedCodeCacheSize=
# This output file may be truncated or incomplete.
#
#  Out of Memory Error (allocation.cpp:390), pid=4968, tid=10164
#
# JRE version: Java(TM) SE Runtime Environment (8.0_25-b18) (build 1.8.0_25-b18)
# Java VM: Java HotSpot(TM) 64-Bit Server VM (25.25-b02 mixed mode windows-amd64 compressed oops)
# Failed to write core dump. Minidumps are not enabled by default on client versions of Windows
#

---------------  T H R E A D  ---------------

Current thread (0x0000000056508000):  JavaThread "C2 CompilerThread1" daemon [_thread_in_native, id=10164, stack(0x0000000056e20000,0x0000000056f20000)]

Stack: [0x0000000056e20000,0x0000000056f20000]
Native frames: (J=compiled Java code, j=interpreted, Vv=VM code, C=native code)
V  [jvm.dll+0x31667a]
V  [jvm.dll+0x267073]
V  [jvm.dll+0x267cb3]
V  [jvm.dll+0x25f5b5]
V  [jvm.dll+0xbf165]
V  [jvm.dll+0xbf60c]
V  [jvm.dll+0x45d672]
V  [jvm.dll+0x49e8ef]
V  [jvm.dll+0x452b41]
V  [jvm.dll+0x453864]
V  [jvm.dll+0x437372]
V  [jvm.dll+0x98a02]
V  [jvm.dll+0x991f3]
V  [jvm.dll+0x22bde4]
V  [jvm.dll+0x2852fa]
C  [msvcr100.dll+0x21d9f]
C  [msvcr100.dll+0x21e3b]
C  [kernel32.dll+0x1f56d]
C  [ntdll.dll+0x33281]


Current CompileTask:
C2:   1334 1408       4       com.android.dx.ssa.SCCP::simulatePhi (169 bytes)


---------------  P R O C E S S  ---------------

Java Threads: ( => current thread )
  0x000000005655f800 JavaThread "Service Thread" daemon [_thread_blocked, id=10636, stack(0x0000000056280000,0x0000000056380000)]
  0x0000000056509800 JavaThread "C1 CompilerThread2" daemon [_thread_in_vm, id=11140, stack(0x0000000056f20000,0x0000000057020000)]
=>0x0000000056508000 JavaThread "C2 CompilerThread1" daemon [_thread_in_native, id=10164, stack(0x0000000056e20000,0x0000000056f20000)]
  0x0000000056500800 JavaThread "C2 CompilerThread0" daemon [_thread_in_native, id=5908, stack(0x0000000056cc0000,0x0000000056dc0000)]
  0x0000000055037800 JavaThread "Attach Listener" daemon [_thread_blocked, id=9256, stack(0x0000000056b70000,0x0000000056c70000)]
  0x0000000055034800 JavaThread "Signal Dispatcher" daemon [_thread_blocked, id=4204, stack(0x00000000569f0000,0x0000000056af0000)]
  0x0000000054fd9800 JavaThread "Finalizer" daemon [_thread_blocked, id=5888, stack(0x0000000056400000,0x0000000056500000)]
  0x0000000054fd1000 JavaThread "Reference Handler" daemon [_thread_blocked, id=7472, stack(0x0000000056160000,0x0000000056260000)]
  0x000000000220e000 JavaThread "main" [_thread_in_Java, id=10336, stack(0x00000000023a0000,0x00000000024a0000)]

Other Threads:
  0x0000000054fcb800 VMThread [stack: 0x0000000056000000,0x0000000056100000] [id=9808]
  0x0000000056562800 WatcherThread [stack: 0x0000000057110000,0x0000000057210000] [id=676]

VM state:not at safepoint (normal execution)

VM Mutex/Monitor currently owned by a thread: None

Heap:
 PSYoungGen      total 18944K, used 4206K [0x00000000eab00000, 0x00000000ec000000, 0x0000000100000000)
  eden space 16384K, 10% used [0x00000000eab00000,0x00000000eaca0248,0x00000000ebb00000)
  from space 2560K, 99% used [0x00000000ebd80000,0x00000000ebffb768,0x00000000ec000000)
  to   space 2560K, 0% used [0x00000000ebb00000,0x00000000ebb00000,0x00000000ebd80000)
 ParOldGen       total 44032K, used 8615K [0x00000000c0000000, 0x00000000c2b00000, 0x00000000eab00000)
  object space 44032K, 19% used [0x00000000c0000000,0x00000000c0869d20,0x00000000c2b00000)
 Metaspace       used 5729K, capacity 7024K, committed 7296K, reserved 1056768K
  class space    used 555K, capacity 616K, committed 640K, reserved 1048576K

Card table byte_map: [0x0000000011b30000,0x0000000011d40000] byte_map_base: 0x0000000011530000

Marking Bits: (ParMarkBitMap*) 0x000000005c3ed490
 Begin Bits: [0x0000000012440000, 0x0000000013440000)
 End Bits:   [0x0000000013440000, 0x0000000014440000)

Polling page: 0x0000000000330000

CodeCache: size=245760Kb used=5468Kb max_used=5468Kb free=240291Kb
 bounds [0x0000000002770000, 0x0000000002cd0000, 0x0000000011770000]
 total_blobs=1715 nmethods=1456 adapters=174
 compilation: enabled

Compilation events (10 events):
Event: 1.290 Thread 0x0000000056509800 1447       2       com.android.dx.util.ByteArray::makeInputStream (9 bytes)
Event: 1.290 Thread 0x0000000056509800 nmethod 1447 0x0000000002cbc210 code [0x0000000002cbc360, 0x0000000002cbc510]
Event: 1.290 Thread 0x0000000056509800 1448       2       com.android.dx.util.ByteArray$MyInputStream::<init> (20 bytes)
Event: 1.290 Thread 0x0000000056509800 nmethod 1448 0x0000000002cbc590 code [0x0000000002cbc6e0, 0x0000000002cbc850]
Event: 1.290 Thread 0x0000000056509800 1449       2       com.android.dx.ssa.SsaConverter::convertToSsaMethod (41 bytes)
Event: 1.291 Thread 0x0000000056509800 nmethod 1449 0x0000000002cbc8d0 code [0x0000000002cbcac0, 0x0000000002cbcfa8]
Event: 1.291 Thread 0x0000000056509800 1450       2       com.android.dx.ssa.LocalVariableExtractor::extract (14 bytes)
Event: 1.291 Thread 0x0000000056509800 nmethod 1450 0x0000000002cbd350 code [0x0000000002cbd4c0, 0x0000000002cbd678]
Event: 1.291 Thread 0x0000000056509800 1451       2       com.android.dx.ssa.LiteralOpUpgrader::process (14 bytes)
Event: 1.291 Thread 0x0000000056509800 nmethod 1451 0x0000000002cbd750 code [0x0000000002cbd8c0, 0x0000000002cbdb08]

GC Heap History (6 events):
Event: 0.752 GC heap before
{Heap before GC invocations=1 (full 0):
 PSYoungGen      total 18944K, used 16384K [0x00000000eab00000, 0x00000000ec000000, 0x0000000100000000)
  eden space 16384K, 100% used [0x00000000eab00000,0x00000000ebb00000,0x00000000ebb00000)
  from space 2560K, 0% used [0x00000000ebd80000,0x00000000ebd80000,0x00000000ec000000)
  to   space 2560K, 0% used [0x00000000ebb00000,0x00000000ebb00000,0x00000000ebd80000)
 ParOldGen       total 44032K, used 0K [0x00000000c0000000, 0x00000000c2b00000, 0x00000000eab00000)
  object space 44032K, 0% used [0x00000000c0000000,0x00000000c0000000,0x00000000c2b00000)
 Metaspace       used 5440K, capacity 6768K, committed 7040K, reserved 1056768K
  class space    used 548K, capacity 616K, committed 640K, reserved 1048576K
Event: 0.758 GC heap after
Heap after GC invocations=1 (full 0):
 PSYoungGen      total 18944K, used 2544K [0x00000000eab00000, 0x00000000ec000000, 0x0000000100000000)
  eden space 16384K, 0% used [0x00000000eab00000,0x00000000eab00000,0x00000000ebb00000)
  from space 2560K, 99% used [0x00000000ebb00000,0x00000000ebd7c028,0x00000000ebd80000)
  to   space 2560K, 0% used [0x00000000ebd80000,0x00000000ebd80000,0x00000000ec000000)
 ParOldGen       total 44032K, used 1960K [0x00000000c0000000, 0x00000000c2b00000, 0x00000000eab00000)
  object space 44032K, 4% used [0x00000000c0000000,0x00000000c01ea300,0x00000000c2b00000)
 Metaspace       used 5440K, capacity 6768K, committed 7040K, reserved 1056768K
  class space    used 548K, capacity 616K, committed 640K, reserved 1048576K
}
Event: 0.972 GC heap before
{Heap before GC invocations=2 (full 0):
 PSYoungGen      total 18944K, used 18928K [0x00000000eab00000, 0x00000000ec000000, 0x0000000100000000)
  eden space 16384K, 100% used [0x00000000eab00000,0x00000000ebb00000,0x00000000ebb00000)
  from space 2560K, 99% used [0x00000000ebb00000,0x00000000ebd7c028,0x00000000ebd80000)
  to   space 2560K, 0% used [0x00000000ebd80000,0x00000000ebd80000,0x00000000ec000000)
 ParOldGen       total 44032K, used 1960K [0x00000000c0000000, 0x00000000c2b00000, 0x00000000eab00000)
  object space 44032K, 4% used [0x00000000c0000000,0x00000000c01ea300,0x00000000c2b00000)
 Metaspace       used 5586K, capacity 6896K, committed 7040K, reserved 1056768K
  class space    used 554K, capacity 616K, committed 640K, reserved 1048576K
Event: 0.978 GC heap after
Heap after GC invocations=2 (full 0):
 PSYoungGen      total 18944K, used 2537K [0x00000000eab00000, 0x00000000ec000000, 0x0000000100000000)
  eden space 16384K, 0% used [0x00000000eab00000,0x00000000eab00000,0x00000000ebb00000)
  from space 2560K, 99% used [0x00000000ebd80000,0x00000000ebffa410,0x00000000ec000000)
  to   space 2560K, 0% used [0x00000000ebb00000,0x00000000ebb00000,0x00000000ebd80000)
 ParOldGen       total 44032K, used 3812K [0x00000000c0000000, 0x00000000c2b00000, 0x00000000eab00000)
  object space 44032K, 8% used [0x00000000c0000000,0x00000000c03b90d0,0x00000000c2b00000)
 Metaspace       used 5586K, capacity 6896K, committed 7040K, reserved 1056768K
  class space    used 554K, capacity 616K, committed 640K, reserved 1048576K
}
Event: 1.193 GC heap before
{Heap before GC invocations=3 (full 0):
 PSYoungGen      total 18944K, used 18921K [0x00000000eab00000, 0x00000000ec000000, 0x0000000100000000)
  eden space 16384K, 100% used [0x00000000eab00000,0x00000000ebb00000,0x00000000ebb00000)
  from space 2560K, 99% used [0x00000000ebd80000,0x00000000ebffa410,0x00000000ec000000)
  to   space 2560K, 0% used [0x00000000ebb00000,0x00000000ebb00000,0x00000000ebd80000)
 ParOldGen       total 44032K, used 3812K [0x00000000c0000000, 0x00000000c2b00000, 0x00000000eab00000)
  object space 44032K, 8% used [0x00000000c0000000,0x00000000c03b90d0,0x00000000c2b00000)
 Metaspace       used 5695K, capacity 6960K, committed 7040K, reserved 1056768K
  class space    used 555K, capacity 616K, committed 640K, reserved 1048576K
Event: 1.203 GC heap after
Heap after GC invocations=3 (full 0):
 PSYoungGen      total 18944K, used 2541K [0x00000000eab00000, 0x00000000ec000000, 0x0000000100000000)
  eden space 16384K, 0% used [0x00000000eab00000,0x00000000eab00000,0x00000000ebb00000)
  from space 2560K, 99% used [0x00000000ebb00000,0x00000000ebd7b768,0x00000000ebd80000)
  to   space 2560K, 0% used [0x00000000ebd80000,0x00000000ebd80000,0x00000000ec000000)
 ParOldGen       total 44032K, used 6208K [0x00000000c0000000, 0x00000000c2b00000, 0x00000000eab00000)
  object space 44032K, 14% used [0x00000000c0000000,0x00000000c0610158,0x00000000c2b00000)
 Metaspace       used 5695K, capacity 6960K, committed 7040K, reserved 1056768K
  class space    used 555K, capacity 616K, committed 640K, reserved 1048576K
}

Deoptimization events (10 events):
Event: 0.627 Thread 0x000000000220e000 Uncommon trap: reason=bimorphic action=maybe_recompile pc=0x00000000029d4928 method=java.util.HashMap.getNode(ILjava/lang/Object;)Ljava/util/HashMap$Node; @ 126
Event: 0.627 Thread 0x000000000220e000 Uncommon trap: reason=bimorphic action=maybe_recompile pc=0x00000000029d4928 method=java.util.HashMap.getNode(ILjava/lang/Object;)Ljava/util/HashMap$Node; @ 126
Event: 0.627 Thread 0x000000000220e000 Uncommon trap: reason=bimorphic action=maybe_recompile pc=0x00000000029606c4 method=java.util.HashMap.getNode(ILjava/lang/Object;)Ljava/util/HashMap$Node; @ 126
Event: 0.627 Thread 0x000000000220e000 Uncommon trap: reason=unreached action=reinterpret pc=0x00000000029dff04 method=com.android.dx.rop.cst.Constant.compareTo(Lcom/android/dx/rop/cst/Constant;)I @ 12
Event: 0.658 Thread 0x000000000220e000 Uncommon trap: reason=null_check action=make_not_entrant pc=0x0000000002a8f050 method=com.android.dx.rop.type.Type.equals(Ljava/lang/Object;)Z @ 8
Event: 0.719 Thread 0x000000000220e000 Uncommon trap: reason=class_check action=maybe_recompile pc=0x0000000002a2d178 method=com.android.dx.ssa.NormalSsaInsn.accept(Lcom/android/dx/ssa/SsaInsn$Visitor;)V @ 9
Event: 0.719 Thread 0x000000000220e000 Uncommon trap: reason=class_check action=maybe_recompile pc=0x0000000002a2d178 method=com.android.dx.ssa.NormalSsaInsn.accept(Lcom/android/dx/ssa/SsaInsn$Visitor;)V @ 9
Event: 0.808 Thread 0x000000000220e000 Uncommon trap: reason=class_check action=maybe_recompile pc=0x0000000002a2d178 method=com.android.dx.ssa.NormalSsaInsn.accept(Lcom/android/dx/ssa/SsaInsn$Visitor;)V @ 9
Event: 0.856 Thread 0x000000000220e000 Uncommon trap: reason=class_check action=maybe_recompile pc=0x0000000002a2d178 method=com.android.dx.ssa.NormalSsaInsn.accept(Lcom/android/dx/ssa/SsaInsn$Visitor;)V @ 9
Event: 1.023 Thread 0x000000000220e000 Uncommon trap: reason=null_check action=make_not_entrant pc=0x0000000002bcca1c method=com.android.dx.ssa.SsaRenamer.getLocalForNewReg(I)Lcom/android/dx/rop/code/LocalItem; @ 19

Internal exceptions (10 events):
Event: 0.886 Thread 0x000000000220e000 Exception <a 'java/security/PrivilegedActionException'> (0x00000000eb4b6858) thrown at [D:\re\workspace\8-2-build-windows-amd64-cygwin\jdk8u25\1677\hotspot\src\share\vm\prims\jvm.cpp, line 1312]
Event: 0.886 Thread 0x000000000220e000 Exception <a 'java/security/PrivilegedActionException'> (0x00000000eb4bd068) thrown at [D:\re\workspace\8-2-build-windows-amd64-cygwin\jdk8u25\1677\hotspot\src\share\vm\prims\jvm.cpp, line 1312]
Event: 0.887 Thread 0x000000000220e000 Exception <a 'java/security/PrivilegedActionException'> (0x00000000eb4bf998) thrown at [D:\re\workspace\8-2-build-windows-amd64-cygwin\jdk8u25\1677\hotspot\src\share\vm\prims\jvm.cpp, line 1312]
Event: 0.887 Thread 0x000000000220e000 Exception <a 'java/security/PrivilegedActionException'> (0x00000000eb4c4e70) thrown at [D:\re\workspace\8-2-build-windows-amd64-cygwin\jdk8u25\1677\hotspot\src\share\vm\prims\jvm.cpp, line 1312]
Event: 0.890 Thread 0x000000000220e000 Exception <a 'java/security/PrivilegedActionException'> (0x00000000eb4dde58) thrown at [D:\re\workspace\8-2-build-windows-amd64-cygwin\jdk8u25\1677\hotspot\src\share\vm\prims\jvm.cpp, line 1312]
Event: 0.902 Thread 0x000000000220e000 Exception <a 'java/security/PrivilegedActionException'> (0x00000000eb592380) thrown at [D:\re\workspace\8-2-build-windows-amd64-cygwin\jdk8u25\1677\hotspot\src\share\vm\prims\jvm.cpp, line 1312]
Event: 0.903 Thread 0x000000000220e000 Exception <a 'java/security/PrivilegedActionException'> (0x00000000eb5980c8) thrown at [D:\re\workspace\8-2-build-windows-amd64-cygwin\jdk8u25\1677\hotspot\src\share\vm\prims\jvm.cpp, line 1312]
Event: 0.904 Thread 0x000000000220e000 Exception <a 'java/security/PrivilegedActionException'> (0x00000000eb59db08) thrown at [D:\re\workspace\8-2-build-windows-amd64-cygwin\jdk8u25\1677\hotspot\src\share\vm\prims\jvm.cpp, line 1312]
Event: 1.023 Thread 0x000000000220e000 Implicit null exception at 0x0000000002bcc298 to 0x0000000002bcc9f9
Event: 1.080 Thread 0x000000000220e000 Exception <a 'java/security/PrivilegedActionException'> (0x00000000eb153e08) thrown at [D:\re\workspace\8-2-build-windows-amd64-cygwin\jdk8u25\1677\hotspot\src\share\vm\prims\jvm.cpp, line 1312]

Events (10 events):
Event: 1.080 loading class com/android/dx/cf/attrib/AttLocalVariableTypeTable
Event: 1.080 loading class com/android/dx/cf/attrib/AttLocalVariableTypeTable done
Event: 1.098 Thread 0x000000000220e000 DEOPT PACKING pc=0x0000000002a13475 sp=0x000000000249e7f0
Event: 1.098 Thread 0x000000000220e000 DEOPT UNPACKING pc=0x00000000027b71bf sp=0x000000000249e5d0 mode 0
Event: 1.158 Thread 0x000000000220e000 DEOPT PACKING pc=0x0000000002b63b29 sp=0x000000000249e710
Event: 1.158 Thread 0x000000000220e000 DEOPT UNPACKING pc=0x00000000027b71bf sp=0x000000000249e4d8 mode 0
Event: 1.179 Thread 0x000000000220e000 DEOPT PACKING pc=0x0000000002b63dfb sp=0x000000000249e680
Event: 1.179 Thread 0x000000000220e000 DEOPT UNPACKING pc=0x00000000027b71bf sp=0x000000000249e448 mode 0
Event: 1.193 Executing VM operation: ParallelGCFailedAllocation
Event: 1.203 Executing VM operation: ParallelGCFailedAllocation done


Dynamic libraries:
0x000000013f770000 - 0x000000013f7a4000 	C:\Program Files\Java\jdk1.8.0_25\bin\java.exe
0x0000000077690000 - 0x000000007783b000 	C:\Windows\SYSTEM32\ntdll.dll
0x0000000077570000 - 0x000000007768f000 	C:\Windows\system32\kernel32.dll
0x000007fefd950000 - 0x000007fefd9bb000 	C:\Windows\system32\KERNELBASE.dll
0x000007fefd9c0000 - 0x000007fefda9b000 	C:\Windows\system32\ADVAPI32.dll
0x000007fefe7d0000 - 0x000007fefe86f000 	C:\Windows\system32\msvcrt.dll
0x000007feff680000 - 0x000007feff69f000 	C:\Windows\SYSTEM32\sechost.dll
0x000007fefdd00000 - 0x000007fefde2e000 	C:\Windows\system32\RPCRT4.dll
0x0000000077470000 - 0x000000007756a000 	C:\Windows\system32\USER32.dll
0x000007fefdc90000 - 0x000007fefdcf7000 	C:\Windows\system32\GDI32.dll
0x000007fefe0d0000 - 0x000007fefe0de000 	C:\Windows\system32\LPK.dll
0x000007fefdaa0000 - 0x000007fefdb6a000 	C:\Windows\system32\USP10.dll
0x000007fefc0d0000 - 0x000007fefc2c4000 	C:\Windows\WinSxS\amd64_microsoft.windows.common-controls_6595b64144ccf1df_6.0.7600.16385_none_fa645303170382f6\COMCTL32.dll
0x000007fefe870000 - 0x000007fefe8e1000 	C:\Windows\system32\SHLWAPI.dll
0x000007fefde30000 - 0x000007fefde5e000 	C:\Windows\system32\IMM32.DLL
0x000007fefe620000 - 0x000007fefe729000 	C:\Windows\system32\MSCTF.dll
0x0000000071910000 - 0x00000000719e2000 	C:\Program Files\Java\jdk1.8.0_25\jre\bin\msvcr100.dll
0x000000005bc10000 - 0x000000005c46a000 	C:\Program Files\Java\jdk1.8.0_25\jre\bin\server\jvm.dll
0x000007fef7ed0000 - 0x000007fef7ed9000 	C:\Windows\system32\WSOCK32.dll
0x000007fefe780000 - 0x000007fefe7cd000 	C:\Windows\system32\WS2_32.dll
0x000007fefdf40000 - 0x000007fefdf48000 	C:\Windows\system32\NSI.dll
0x000007fefbd00000 - 0x000007fefbd3b000 	C:\Windows\system32\WINMM.dll
0x0000000077850000 - 0x0000000077857000 	C:\Windows\system32\PSAPI.DLL
0x0000000072e90000 - 0x0000000072e9f000 	C:\Program Files\Java\jdk1.8.0_25\jre\bin\verify.dll
0x00000000728b0000 - 0x00000000728d8000 	C:\Program Files\Java\jdk1.8.0_25\jre\bin\java.dll
0x0000000072e70000 - 0x0000000072e86000 	C:\Program Files\Java\jdk1.8.0_25\jre\bin\zip.dll
0x000007fefe8f0000 - 0x000007feff676000 	C:\Windows\system32\SHELL32.dll
0x000007fefe410000 - 0x000007fefe611000 	C:\Windows\system32\ole32.dll
0x000007fefd5f0000 - 0x000007fefd5ff000 	C:\Windows\system32\profapi.dll
0x000007fef8810000 - 0x000007fef8935000 	C:\Windows\system32\dbghelp.dll

VM Arguments:
jvm_args: -Xmx1024M -Dfile.encoding=windows-1252 -Duser.country=SE -Duser.language=sv -Duser.variant 
java_command: com.android.dx.command.Main --dex --output C:\Users\Cong\Desktop\Skola\DL141E\app\build\intermediates\dex\debug C:\Users\Cong\Desktop\Skola\DL141E\app\build\intermediates\classes\debug C:\Users\Cong\Desktop\Skola\DL141E\app\build\intermediates\pre-dexed\debug\support-annotations-21.0.3-095ecb3e43b7879828f835f9845010518bc10bc9.jar C:\Users\Cong\Desktop\Skola\DL141E\app\build\intermediates\pre-dexed\debug\achartengine-1.1.0-38e7782883d69072a8b49022f9291fb0a92604e2.jar C:\Users\Cong\Desktop\Skola\DL141E\app\build\intermediates\pre-dexed\debug\internal_impl-21.0.3-9c170a5dae47a12be559a3d17128c18ebd35b54a.jar C:\Users\Cong\Desktop\Skola\DL141E\app\build\intermediates\pre-dexed\debug\classes-fe0659e964d7d3b081f3df5506ec1425c6222c5d.jar C:\Users\Cong\Desktop\Skola\DL141E\app\build\intermediates\pre-dexed\debug\classes-f494ea3084bd208a70ac14e37dc82b6a8e85eff5.jar
java_class_path (initial): C:\Users\Cong\AppData\Local\Android\sdk\build-tools\21.1.2\lib\dx.jar
Launcher Type: SUN_STANDARD

Environment Variables:
PATH=C:\ProgramData\Oracle\Java\javapath;C:\Windows\system32;C:\Windows;C:\Windows\System32\Wbem;C:\Windows\System32\WindowsPowerShell\v1.0\;C:\Program Files\Intel\WiFi\bin\;C:\Program Files\Common Files\Intel\WirelessCommon\;C:\Program Files (x86)\Intel\OpenCL SDK\2.0\bin\x86;C:\Program Files (x86)\Intel\OpenCL SDK\2.0\bin\x64;C:\Program Files\MATLAB\runtime\win64;C:\Program Files\MATLAB\bin;C:\Program Files (x86)\Skype\Phone\;C:\Program Files\Intel\WiFi\bin\;C:\Program Files\Common Files\Intel\WirelessCommon\
USERNAME=Cong
OS=Windows_NT
PROCESSOR_IDENTIFIER=Intel64 Family 6 Model 42 Stepping 7, GenuineIntel



---------------  S Y S T E M  ---------------

OS: Windows 7 , 64 bit Build 7600 

CPU:total 4 (2 cores per cpu, 2 threads per core) family 6 model 42 stepping 7, cmov, cx8, fxsr, mmx, sse, sse2, sse3, ssse3, sse4.1, sse4.2, popcnt, aes, clmul, ht, tsc, tscinvbit

Memory: 4k page, physical 4073636k(222716k free), swap 7537848k(5692k free)

vm_info: Java HotSpot(TM) 64-Bit Server VM (25.25-b02) for windows-amd64 JRE (1.8.0_25-b18), built on Oct  7 2014 14:25:37 by "java_re" with MS VC++ 10.0 (VS2010)

time: Mon Nov 16 15:34:57 2015
elapsed time: 1 seconds (0d 0h 0m 1s)

