#
# There is insufficient memory for the Java Runtime Environment to continue.
# Native memory allocation (malloc) failed to allocate 881216 bytes for Chunk::new
# Possible reasons:
#   The system is out of physical RAM or swap space
#   In 32 bit mode, the process size limit was hit
# Possible solutions:
#   Reduce memory load on the system
#   Increase physical memory or swap space
#   Check if swap backing store is full
#   Use 64 bit Java on a 64 bit OS
#   Decrease Java heap size (-Xmx/-Xms)
#   Decrease number of Java threads
#   Decrease Java thread stack sizes (-Xss)
#   Set larger code cache with -XX:ReservedCodeCacheSize=
# This output file may be truncated or incomplete.
#
#  Out of Memory Error (allocation.cpp:390), pid=4088, tid=6428
#
# JRE version: Java(TM) SE Runtime Environment (8.0_25-b18) (build 1.8.0_25-b18)
# Java VM: Java HotSpot(TM) 64-Bit Server VM (25.25-b02 mixed mode windows-amd64 compressed oops)
# Failed to write core dump. Minidumps are not enabled by default on client versions of Windows
#

---------------  T H R E A D  ---------------

Current thread (0x0000000054e6d800):  JavaThread "C2 CompilerThread0" daemon [_thread_in_native, id=6428, stack(0x0000000056780000,0x0000000056880000)]

Stack: [0x0000000056780000,0x0000000056880000]
Native frames: (J=compiled Java code, j=interpreted, Vv=VM code, C=native code)
V  [jvm.dll+0x31667a]


Current CompileTask:
C2:   2319 2670       4       com.android.dx.merge.IndexMap$EncodedValueTransformer::transform (495 bytes)


---------------  P R O C E S S  ---------------

Java Threads: ( => current thread )
  0x0000000056a23800 JavaThread "Service Thread" daemon [_thread_blocked, id=10860, stack(0x0000000057070000,0x0000000057170000)]
  0x0000000054e77000 JavaThread "C1 CompilerThread2" daemon [_thread_blocked, id=7256, stack(0x0000000056ee0000,0x0000000056fe0000)]
  0x0000000054e75800 JavaThread "C2 CompilerThread1" daemon [_thread_in_native, id=3732, stack(0x00000000568a0000,0x00000000569a0000)]
=>0x0000000054e6d800 JavaThread "C2 CompilerThread0" daemon [_thread_in_native, id=6428, stack(0x0000000056780000,0x0000000056880000)]
  0x0000000054e7f800 JavaThread "Attach Listener" daemon [_thread_blocked, id=10304, stack(0x00000000565a0000,0x00000000566a0000)]
  0x0000000054e7c000 JavaThread "Signal Dispatcher" daemon [_thread_blocked, id=7776, stack(0x0000000056460000,0x0000000056560000)]
  0x0000000054e14800 JavaThread "Finalizer" daemon [_thread_blocked, id=5788, stack(0x0000000056280000,0x0000000056380000)]
  0x0000000054e0b800 JavaThread "Reference Handler" daemon [_thread_blocked, id=10964, stack(0x0000000056140000,0x0000000056240000)]
  0x000000000224e000 JavaThread "main" [_thread_in_Java, id=8304, stack(0x00000000023d0000,0x00000000024d0000)]

Other Threads:
  0x0000000054e06000 VMThread [stack: 0x0000000055ed0000,0x0000000055fd0000] [id=5460]
  0x0000000056a27000 WatcherThread [stack: 0x0000000056db0000,0x0000000056eb0000] [id=9464]

VM state:not at safepoint (normal execution)

VM Mutex/Monitor currently owned by a thread: None

Heap:
 PSYoungGen      total 18944K, used 17872K [0x00000000eab00000, 0x00000000ec000000, 0x0000000100000000)
  eden space 16384K, 93% used [0x00000000eab00000,0x00000000eb9f8cf0,0x00000000ebb00000)
  from space 2560K, 99% used [0x00000000ebb00000,0x00000000ebd7b618,0x00000000ebd80000)
  to   space 2560K, 0% used [0x00000000ebd80000,0x00000000ebd80000,0x00000000ec000000)
 ParOldGen       total 44032K, used 25877K [0x00000000c0000000, 0x00000000c2b00000, 0x00000000eab00000)
  object space 44032K, 58% used [0x00000000c0000000,0x00000000c1945490,0x00000000c2b00000)
 Metaspace       used 7767K, capacity 8292K, committed 8576K, reserved 1056768K
  class space    used 753K, capacity 788K, committed 896K, reserved 1048576K

Card table byte_map: [0x0000000011b60000,0x0000000011d70000] byte_map_base: 0x0000000011560000

Marking Bits: (ParMarkBitMap*) 0x000000005c3ed490
 Begin Bits: [0x0000000012280000, 0x0000000013280000)
 End Bits:   [0x0000000013280000, 0x0000000014280000)

Polling page: 0x0000000000330000

CodeCache: size=245760Kb used=8784Kb max_used=8784Kb free=236975Kb
 bounds [0x00000000027a0000, 0x0000000003040000, 0x00000000117a0000]
 total_blobs=2939 nmethods=2655 adapters=199
 compilation: enabled

Compilation events (10 events):
Event: 2.306 Thread 0x0000000054e77000 2686       2       com.android.dx.io.instructions.InstructionCodec::access$1700 (5 bytes)
Event: 2.307 Thread 0x0000000054e77000 nmethod 2686 0x0000000003035b90 code [0x0000000003035d00, 0x0000000003035ec8]
Event: 2.307 Thread 0x0000000054e77000 2687       2       com.android.dx.io.instructions.InstructionCodec::asUnsignedUnit (20 bytes)
Event: 2.307 Thread 0x0000000054e77000 nmethod 2687 0x0000000003035790 code [0x0000000003035900, 0x0000000003035ac8]
Event: 2.312 Thread 0x0000000054e77000 2689       1       com.android.dx.io.instructions.FourRegisterDecodedInstruction::getRegisterCount (2 bytes)
Event: 2.312 Thread 0x0000000054e77000 nmethod 2689 0x000000000303a690 code [0x000000000303a7e0, 0x000000000303a8f0]
Event: 2.312 Thread 0x0000000054e77000 2690       2       com.android.dx.io.instructions.InstructionCodec$32::decode (74 bytes)
Event: 2.313 Thread 0x0000000054e77000 nmethod 2690 0x000000000303a950 code [0x000000000303ab60, 0x000000000303b4d8]
Event: 2.313 Thread 0x0000000054e77000 2691       2       com.android.dx.io.instructions.InstructionCodec$32::encode (95 bytes)
Event: 2.314 Thread 0x0000000054e77000 nmethod 2691 0x0000000003039810 code [0x00000000030399c0, 0x0000000003039f68]

GC Heap History (10 events):
Event: 1.339 GC heap before
{Heap before GC invocations=5 (full 0):
 PSYoungGen      total 18944K, used 18928K [0x00000000eab00000, 0x00000000ec000000, 0x0000000100000000)
  eden space 16384K, 100% used [0x00000000eab00000,0x00000000ebb00000,0x00000000ebb00000)
  from space 2560K, 99% used [0x00000000ebd80000,0x00000000ebffc010,0x00000000ec000000)
  to   space 2560K, 0% used [0x00000000ebb00000,0x00000000ebb00000,0x00000000ebd80000)
 ParOldGen       total 44032K, used 8537K [0x00000000c0000000, 0x00000000c2b00000, 0x00000000eab00000)
  object space 44032K, 19% used [0x00000000c0000000,0x00000000c0856538,0x00000000c2b00000)
 Metaspace       used 5725K, capacity 7024K, committed 7296K, reserved 1056768K
  class space    used 555K, capacity 616K, committed 640K, reserved 1048576K
Event: 1.352 GC heap after
Heap after GC invocations=5 (full 0):
 PSYoungGen      total 18944K, used 2543K [0x00000000eab00000, 0x00000000ec000000, 0x0000000100000000)
  eden space 16384K, 0% used [0x00000000eab00000,0x00000000eab00000,0x00000000ebb00000)
  from space 2560K, 99% used [0x00000000ebb00000,0x00000000ebd7bf68,0x00000000ebd80000)
  to   space 2560K, 0% used [0x00000000ebd80000,0x00000000ebd80000,0x00000000ec000000)
 ParOldGen       total 44032K, used 10571K [0x00000000c0000000, 0x00000000c2b00000, 0x00000000eab00000)
  object space 44032K, 24% used [0x00000000c0000000,0x00000000c0a52f98,0x00000000c2b00000)
 Metaspace       used 5725K, capacity 7024K, committed 7296K, reserved 1056768K
  class space    used 555K, capacity 616K, committed 640K, reserved 1048576K
}
Event: 1.510 GC heap before
{Heap before GC invocations=6 (full 0):
 PSYoungGen      total 18944K, used 18927K [0x00000000eab00000, 0x00000000ec000000, 0x0000000100000000)
  eden space 16384K, 100% used [0x00000000eab00000,0x00000000ebb00000,0x00000000ebb00000)
  from space 2560K, 99% used [0x00000000ebb00000,0x00000000ebd7bf68,0x00000000ebd80000)
  to   space 2560K, 0% used [0x00000000ebd80000,0x00000000ebd80000,0x00000000ec000000)
 ParOldGen       total 44032K, used 10571K [0x00000000c0000000, 0x00000000c2b00000, 0x00000000eab00000)
  object space 44032K, 24% used [0x00000000c0000000,0x00000000c0a52f98,0x00000000c2b00000)
 Metaspace       used 5827K, capacity 7088K, committed 7296K, reserved 1056768K
  class space    used 559K, capacity 616K, committed 640K, reserved 1048576K
Event: 1.525 GC heap after
Heap after GC invocations=6 (full 0):
 PSYoungGen      total 18944K, used 2557K [0x00000000eab00000, 0x00000000ec000000, 0x0000000100000000)
  eden space 16384K, 0% used [0x00000000eab00000,0x00000000eab00000,0x00000000ebb00000)
  from space 2560K, 99% used [0x00000000ebd80000,0x00000000ebfff740,0x00000000ec000000)
  to   space 2560K, 0% used [0x00000000ebb00000,0x00000000ebb00000,0x00000000ebd80000)
 ParOldGen       total 44032K, used 13803K [0x00000000c0000000, 0x00000000c2b00000, 0x00000000eab00000)
  object space 44032K, 31% used [0x00000000c0000000,0x00000000c0d7acf0,0x00000000c2b00000)
 Metaspace       used 5827K, capacity 7088K, committed 7296K, reserved 1056768K
  class space    used 559K, capacity 616K, committed 640K, reserved 1048576K
}
Event: 2.058 GC heap before
{Heap before GC invocations=7 (full 0):
 PSYoungGen      total 18944K, used 18547K [0x00000000eab00000, 0x00000000ec000000, 0x0000000100000000)
  eden space 16384K, 97% used [0x00000000eab00000,0x00000000eba9d7d0,0x00000000ebb00000)
  from space 2560K, 99% used [0x00000000ebd80000,0x00000000ebfff740,0x00000000ec000000)
  to   space 2560K, 0% used [0x00000000ebb00000,0x00000000ebb00000,0x00000000ebd80000)
 ParOldGen       total 44032K, used 13803K [0x00000000c0000000, 0x00000000c2b00000, 0x00000000eab00000)
  object space 44032K, 31% used [0x00000000c0000000,0x00000000c0d7acf0,0x00000000c2b00000)
 Metaspace       used 7706K, capacity 8228K, committed 8576K, reserved 1056768K
  class space    used 752K, capacity 788K, committed 896K, reserved 1048576K
Event: 2.078 GC heap after
Heap after GC invocations=7 (full 0):
 PSYoungGen      total 18944K, used 2528K [0x00000000eab00000, 0x00000000ec000000, 0x0000000100000000)
  eden space 16384K, 0% used [0x00000000eab00000,0x00000000eab00000,0x00000000ebb00000)
  from space 2560K, 98% used [0x00000000ebb00000,0x00000000ebd78260,0x00000000ebd80000)
  to   space 2560K, 0% used [0x00000000ebd80000,0x00000000ebd80000,0x00000000ec000000)
 ParOldGen       total 44032K, used 16733K [0x00000000c0000000, 0x00000000c2b00000, 0x00000000eab00000)
  object space 44032K, 38% used [0x00000000c0000000,0x00000000c10576a0,0x00000000c2b00000)
 Metaspace       used 7706K, capacity 8228K, committed 8576K, reserved 1056768K
  class space    used 752K, capacity 788K, committed 896K, reserved 1048576K
}
Event: 2.176 GC heap before
{Heap before GC invocations=8 (full 0):
 PSYoungGen      total 18944K, used 18912K [0x00000000eab00000, 0x00000000ec000000, 0x0000000100000000)
  eden space 16384K, 100% used [0x00000000eab00000,0x00000000ebb00000,0x00000000ebb00000)
  from space 2560K, 98% used [0x00000000ebb00000,0x00000000ebd78260,0x00000000ebd80000)
  to   space 2560K, 0% used [0x00000000ebd80000,0x00000000ebd80000,0x00000000ec000000)
 ParOldGen       total 44032K, used 16733K [0x00000000c0000000, 0x00000000c2b00000, 0x00000000eab00000)
  object space 44032K, 38% used [0x00000000c0000000,0x00000000c10576a0,0x00000000c2b00000)
 Metaspace       used 7738K, capacity 8228K, committed 8576K, reserved 1056768K
  class space    used 752K, capacity 788K, committed 896K, reserved 1048576K
Event: 2.190 GC heap after
Heap after GC invocations=8 (full 0):
 PSYoungGen      total 18944K, used 2543K [0x00000000eab00000, 0x00000000ec000000, 0x0000000100000000)
  eden space 16384K, 0% used [0x00000000eab00000,0x00000000eab00000,0x00000000ebb00000)
  from space 2560K, 99% used [0x00000000ebd80000,0x00000000ebffbd30,0x00000000ec000000)
  to   space 2560K, 0% used [0x00000000ebb00000,0x00000000ebb00000,0x00000000ebd80000)
 ParOldGen       total 44032K, used 20458K [0x00000000c0000000, 0x00000000c2b00000, 0x00000000eab00000)
  object space 44032K, 46% used [0x00000000c0000000,0x00000000c13fa878,0x00000000c2b00000)
 Metaspace       used 7738K, capacity 8228K, committed 8576K, reserved 1056768K
  class space    used 752K, capacity 788K, committed 896K, reserved 1048576K
}
Event: 2.262 GC heap before
{Heap before GC invocations=9 (full 0):
 PSYoungGen      total 18944K, used 18927K [0x00000000eab00000, 0x00000000ec000000, 0x0000000100000000)
  eden space 16384K, 100% used [0x00000000eab00000,0x00000000ebb00000,0x00000000ebb00000)
  from space 2560K, 99% used [0x00000000ebd80000,0x00000000ebffbd30,0x00000000ec000000)
  to   space 2560K, 0% used [0x00000000ebb00000,0x00000000ebb00000,0x00000000ebd80000)
 ParOldGen       total 44032K, used 20458K [0x00000000c0000000, 0x00000000c2b00000, 0x00000000eab00000)
  object space 44032K, 46% used [0x00000000c0000000,0x00000000c13fa878,0x00000000c2b00000)
 Metaspace       used 7758K, capacity 8228K, committed 8576K, reserved 1056768K
  class space    used 753K, capacity 788K, committed 896K, reserved 1048576K
Event: 2.265 GC heap after
Heap after GC invocations=9 (full 0):
 PSYoungGen      total 18944K, used 2541K [0x00000000eab00000, 0x00000000ec000000, 0x0000000100000000)
  eden space 16384K, 0% used [0x00000000eab00000,0x00000000eab00000,0x00000000ebb00000)
  from space 2560K, 99% used [0x00000000ebb00000,0x00000000ebd7b618,0x00000000ebd80000)
  to   space 2560K, 0% used [0x00000000ebd80000,0x00000000ebd80000,0x00000000ec000000)
 ParOldGen       total 44032K, used 25877K [0x00000000c0000000, 0x00000000c2b00000, 0x00000000eab00000)
  object space 44032K, 58% used [0x00000000c0000000,0x00000000c1945490,0x00000000c2b00000)
 Metaspace       used 7758K, capacity 8228K, committed 8576K, reserved 1056768K
  class space    used 753K, capacity 788K, committed 896K, reserved 1048576K
}

Deoptimization events (10 events):
Event: 1.828 Thread 0x000000000224e000 Uncommon trap: reason=class_check action=maybe_recompile pc=0x0000000002e6502c method=com.android.dex.Leb128.writeUnsignedLeb128(Lcom/android/dex/util/ByteOutput;I)V @ 40
Event: 1.879 Thread 0x000000000224e000 Uncommon trap: reason=predicate action=maybe_recompile pc=0x0000000002ef8a5c method=com.android.dex.Leb128.writeUnsignedLeb128(Lcom/android/dex/util/ByteOutput;I)V @ 9
Event: 1.967 Thread 0x000000000224e000 Uncommon trap: reason=class_check action=maybe_recompile pc=0x0000000002c0227c method=java.util.ArrayList.<init>(Ljava/util/Collection;)V @ 6
Event: 1.973 Thread 0x000000000224e000 Uncommon trap: reason=class_check action=maybe_recompile pc=0x0000000002c0227c method=java.util.ArrayList.<init>(Ljava/util/Collection;)V @ 6
Event: 1.990 Thread 0x000000000224e000 Uncommon trap: reason=predicate action=maybe_recompile pc=0x0000000002f35a34 method=com.android.dex.Leb128.readUnsignedLeb128(Lcom/android/dex/util/ByteInput;)I @ 41
Event: 2.097 Thread 0x000000000224e000 Uncommon trap: reason=unreached action=reinterpret pc=0x0000000002ee541c method=java.util.HashMap.putVal(ILjava/lang/Object;Ljava/lang/Object;ZZ)Ljava/lang/Object; @ 109
Event: 2.097 Thread 0x000000000224e000 Uncommon trap: reason=unreached action=reinterpret pc=0x0000000002f06bf8 method=java.util.HashMap.resize()[Ljava/util/HashMap$Node; @ 206
Event: 2.097 Thread 0x000000000224e000 Uncommon trap: reason=unreached action=reinterpret pc=0x0000000002ed5c0c method=java.util.HashMap.putVal(ILjava/lang/Object;Ljava/lang/Object;ZZ)Ljava/lang/Object; @ 109
Event: 2.168 Thread 0x000000000224e000 Uncommon trap: reason=unreached action=reinterpret pc=0x0000000002ab60c8 method=java.util.HashMap.getNode(ILjava/lang/Object;)Ljava/util/HashMap$Node; @ 84
Event: 2.171 Thread 0x000000000224e000 Uncommon trap: reason=unreached action=reinterpret pc=0x0000000002a9db68 method=java.util.HashMap.getNode(ILjava/lang/Object;)Ljava/util/HashMap$Node; @ 84

Internal exceptions (10 events):
Event: 1.906 Thread 0x000000000224e000 Exception <a 'java/security/PrivilegedActionException'> (0x00000000eb34c4a8) thrown at [D:\re\workspace\8-2-build-windows-amd64-cygwin\jdk8u25\1677\hotspot\src\share\vm\prims\jvm.cpp, line 1312]
Event: 1.906 Thread 0x000000000224e000 Exception <a 'java/security/PrivilegedActionException'> (0x00000000eb34f6d8) thrown at [D:\re\workspace\8-2-build-windows-amd64-cygwin\jdk8u25\1677\hotspot\src\share\vm\prims\jvm.cpp, line 1312]
Event: 1.906 Thread 0x000000000224e000 Exception <a 'java/security/PrivilegedActionException'> (0x00000000eb352d40) thrown at [D:\re\workspace\8-2-build-windows-amd64-cygwin\jdk8u25\1677\hotspot\src\share\vm\prims\jvm.cpp, line 1312]
Event: 1.908 Thread 0x000000000224e000 Exception <a 'java/security/PrivilegedActionException'> (0x00000000eb35a0f0) thrown at [D:\re\workspace\8-2-build-windows-amd64-cygwin\jdk8u25\1677\hotspot\src\share\vm\prims\jvm.cpp, line 1312]
Event: 1.909 Thread 0x000000000224e000 Exception <a 'java/security/PrivilegedActionException'> (0x00000000eb35c4d0) thrown at [D:\re\workspace\8-2-build-windows-amd64-cygwin\jdk8u25\1677\hotspot\src\share\vm\prims\jvm.cpp, line 1312]
Event: 1.965 Thread 0x000000000224e000 Exception <a 'java/security/PrivilegedActionException'> (0x00000000eb520878) thrown at [D:\re\workspace\8-2-build-windows-amd64-cygwin\jdk8u25\1677\hotspot\src\share\vm\prims\jvm.cpp, line 1312]
Event: 1.965 Thread 0x000000000224e000 Exception <a 'java/security/PrivilegedActionException'> (0x00000000eb520bc0) thrown at [D:\re\workspace\8-2-build-windows-amd64-cygwin\jdk8u25\1677\hotspot\src\share\vm\prims\jvm.cpp, line 1312]
Event: 1.966 Thread 0x000000000224e000 Exception <a 'java/security/PrivilegedActionException'> (0x00000000eb524c78) thrown at [D:\re\workspace\8-2-build-windows-amd64-cygwin\jdk8u25\1677\hotspot\src\share\vm\prims\jvm.cpp, line 1312]
Event: 1.966 Thread 0x000000000224e000 Exception <a 'java/security/PrivilegedActionException'> (0x00000000eb524fc0) thrown at [D:\re\workspace\8-2-build-windows-amd64-cygwin\jdk8u25\1677\hotspot\src\share\vm\prims\jvm.cpp, line 1312]
Event: 2.203 Thread 0x000000000224e000 Exception <a 'java/security/PrivilegedActionException'> (0x00000000eadc8848) thrown at [D:\re\workspace\8-2-build-windows-amd64-cygwin\jdk8u25\1677\hotspot\src\share\vm\prims\jvm.cpp, line 1312]

Events (10 events):
Event: 2.168 Thread 0x000000000224e000 DEOPT UNPACKING pc=0x00000000027e556a sp=0x00000000024cf1c0 mode 2
Event: 2.171 Thread 0x000000000224e000 Uncommon trap: trap_request=0xffffffad fr.pc=0x0000000002a9db68
Event: 2.171 Thread 0x000000000224e000 DEOPT PACKING pc=0x0000000002a9db68 sp=0x00000000024cf240
Event: 2.171 Thread 0x000000000224e000 DEOPT UNPACKING pc=0x00000000027e556a sp=0x00000000024cf1b8 mode 2
Event: 2.176 Executing VM operation: ParallelGCFailedAllocation
Event: 2.190 Executing VM operation: ParallelGCFailedAllocation done
Event: 2.203 loading class com/android/dex/Dex$1
Event: 2.203 loading class com/android/dex/Dex$1 done
Event: 2.262 Executing VM operation: ParallelGCFailedAllocation
Event: 2.265 Executing VM operation: ParallelGCFailedAllocation done


Dynamic libraries:
0x000000013f770000 - 0x000000013f7a4000 	C:\Program Files\Java\jdk1.8.0_25\bin\java.exe
0x0000000077690000 - 0x000000007783b000 	C:\Windows\SYSTEM32\ntdll.dll
0x0000000077570000 - 0x000000007768f000 	C:\Windows\system32\kernel32.dll
0x000007fefd950000 - 0x000007fefd9bb000 	C:\Windows\system32\KERNELBASE.dll
0x000007fefd9c0000 - 0x000007fefda9b000 	C:\Windows\system32\ADVAPI32.dll
0x000007fefe7d0000 - 0x000007fefe86f000 	C:\Windows\system32\msvcrt.dll
0x000007feff680000 - 0x000007feff69f000 	C:\Windows\SYSTEM32\sechost.dll
0x000007fefdd00000 - 0x000007fefde2e000 	C:\Windows\system32\RPCRT4.dll
0x0000000077470000 - 0x000000007756a000 	C:\Windows\system32\USER32.dll
0x000007fefdc90000 - 0x000007fefdcf7000 	C:\Windows\system32\GDI32.dll
0x000007fefe0d0000 - 0x000007fefe0de000 	C:\Windows\system32\LPK.dll
0x000007fefdaa0000 - 0x000007fefdb6a000 	C:\Windows\system32\USP10.dll
0x000007fefc0d0000 - 0x000007fefc2c4000 	C:\Windows\WinSxS\amd64_microsoft.windows.common-controls_6595b64144ccf1df_6.0.7600.16385_none_fa645303170382f6\COMCTL32.dll
0x000007fefe870000 - 0x000007fefe8e1000 	C:\Windows\system32\SHLWAPI.dll
0x000007fefde30000 - 0x000007fefde5e000 	C:\Windows\system32\IMM32.DLL
0x000007fefe620000 - 0x000007fefe729000 	C:\Windows\system32\MSCTF.dll
0x0000000071910000 - 0x00000000719e2000 	C:\Program Files\Java\jdk1.8.0_25\jre\bin\msvcr100.dll
0x000000005bc10000 - 0x000000005c46a000 	C:\Program Files\Java\jdk1.8.0_25\jre\bin\server\jvm.dll
0x000007fef7ed0000 - 0x000007fef7ed9000 	C:\Windows\system32\WSOCK32.dll
0x000007fefe780000 - 0x000007fefe7cd000 	C:\Windows\system32\WS2_32.dll
0x000007fefdf40000 - 0x000007fefdf48000 	C:\Windows\system32\NSI.dll
0x000007fefbd00000 - 0x000007fefbd3b000 	C:\Windows\system32\WINMM.dll
0x0000000077850000 - 0x0000000077857000 	C:\Windows\system32\PSAPI.DLL
0x0000000072e90000 - 0x0000000072e9f000 	C:\Program Files\Java\jdk1.8.0_25\jre\bin\verify.dll
0x00000000728b0000 - 0x00000000728d8000 	C:\Program Files\Java\jdk1.8.0_25\jre\bin\java.dll
0x0000000072e70000 - 0x0000000072e86000 	C:\Program Files\Java\jdk1.8.0_25\jre\bin\zip.dll
0x000007fefe8f0000 - 0x000007feff676000 	C:\Windows\system32\SHELL32.dll
0x000007fefe410000 - 0x000007fefe611000 	C:\Windows\system32\ole32.dll
0x000007fefd5f0000 - 0x000007fefd5ff000 	C:\Windows\system32\profapi.dll
0x000007fef8810000 - 0x000007fef8935000 	C:\Windows\system32\dbghelp.dll

VM Arguments:
jvm_args: -Xmx1024M -Dfile.encoding=windows-1252 -Duser.country=SE -Duser.language=sv -Duser.variant 
java_command: com.android.dx.command.Main --dex --output C:\Users\Cong\Desktop\Skola\DL141E\app\build\intermediates\dex\debug C:\Users\Cong\Desktop\Skola\DL141E\app\build\intermediates\classes\debug C:\Users\Cong\Desktop\Skola\DL141E\app\build\intermediates\pre-dexed\debug\support-annotations-21.0.3-095ecb3e43b7879828f835f9845010518bc10bc9.jar C:\Users\Cong\Desktop\Skola\DL141E\app\build\intermediates\pre-dexed\debug\achartengine-1.1.0-38e7782883d69072a8b49022f9291fb0a92604e2.jar C:\Users\Cong\Desktop\Skola\DL141E\app\build\intermediates\pre-dexed\debug\internal_impl-21.0.3-9c170a5dae47a12be559a3d17128c18ebd35b54a.jar C:\Users\Cong\Desktop\Skola\DL141E\app\build\intermediates\pre-dexed\debug\classes-fe0659e964d7d3b081f3df5506ec1425c6222c5d.jar C:\Users\Cong\Desktop\Skola\DL141E\app\build\intermediates\pre-dexed\debug\classes-f494ea3084bd208a70ac14e37dc82b6a8e85eff5.jar
java_class_path (initial): C:\Users\Cong\AppData\Local\Android\sdk\build-tools\21.1.2\lib\dx.jar
Launcher Type: SUN_STANDARD

Environment Variables:
PATH=C:\ProgramData\Oracle\Java\javapath;C:\Windows\system32;C:\Windows;C:\Windows\System32\Wbem;C:\Windows\System32\WindowsPowerShell\v1.0\;C:\Program Files\Intel\WiFi\bin\;C:\Program Files\Common Files\Intel\WirelessCommon\;C:\Program Files (x86)\Intel\OpenCL SDK\2.0\bin\x86;C:\Program Files (x86)\Intel\OpenCL SDK\2.0\bin\x64;C:\Program Files\MATLAB\runtime\win64;C:\Program Files\MATLAB\bin;C:\Program Files (x86)\Skype\Phone\;C:\Program Files\Intel\WiFi\bin\;C:\Program Files\Common Files\Intel\WirelessCommon\
USERNAME=Cong
OS=Windows_NT
PROCESSOR_IDENTIFIER=Intel64 Family 6 Model 42 Stepping 7, GenuineIntel



---------------  S Y S T E M  ---------------

OS: Windows 7 , 64 bit Build 7600 

CPU:total 4 (2 cores per cpu, 2 threads per core) family 6 model 42 stepping 7, cmov, cx8, fxsr, mmx, sse, sse2, sse3, ssse3, sse4.1, sse4.2, popcnt, aes, clmul, ht, tsc, tscinvbit

Memory: 4k page, physical 4073636k(208628k free), swap 7537848k(5124k free)

vm_info: Java HotSpot(TM) 64-Bit Server VM (25.25-b02) for windows-amd64 JRE (1.8.0_25-b18), built on Oct  7 2014 14:25:37 by "java_re" with MS VC++ 10.0 (VS2010)

time: Mon Nov 16 15:36:00 2015
elapsed time: 2 seconds (0d 0h 0m 2s)

