#
# There is insufficient memory for the Java Runtime Environment to continue.
# Native memory allocation (malloc) failed to allocate 32744 bytes for ChunkPool::allocate
# Possible reasons:
#   The system is out of physical RAM or swap space
#   In 32 bit mode, the process size limit was hit
# Possible solutions:
#   Reduce memory load on the system
#   Increase physical memory or swap space
#   Check if swap backing store is full
#   Use 64 bit Java on a 64 bit OS
#   Decrease Java heap size (-Xmx/-Xms)
#   Decrease number of Java threads
#   Decrease Java thread stack sizes (-Xss)
#   Set larger code cache with -XX:ReservedCodeCacheSize=
# This output file may be truncated or incomplete.
#
#  Out of Memory Error (allocation.cpp:273), pid=2568, tid=564
#
# JRE version: Java(TM) SE Runtime Environment (8.0_25-b18) (build 1.8.0_25-b18)
# Java VM: Java HotSpot(TM) 64-Bit Server VM (25.25-b02 mixed mode windows-amd64 compressed oops)
# Failed to write core dump. Minidumps are not enabled by default on client versions of Windows
#

---------------  T H R E A D  ---------------

Current thread (0x0000000056511000):  JavaThread "C2 CompilerThread0" daemon [_thread_in_native, id=564, stack(0x0000000056cb0000,0x0000000056db0000)]

Stack: [0x0000000056cb0000,0x0000000056db0000]
Native frames: (J=compiled Java code, j=interpreted, Vv=VM code, C=native code)
V  [jvm.dll+0x31667a]


Current CompileTask:
C2:    982 1293   !   4       com.android.dx.cf.code.BytecodeArray::parseInstruction (2764 bytes)


---------------  P R O C E S S  ---------------

Java Threads: ( => current thread )
  0x0000000056591800 JavaThread "Service Thread" daemon [_thread_blocked, id=10264, stack(0x0000000057130000,0x0000000057230000)]
  0x000000005651b000 JavaThread "C1 CompilerThread2" daemon [_thread_in_native, id=8316, stack(0x0000000056f50000,0x0000000057050000)]
  0x0000000056518800 JavaThread "C2 CompilerThread1" daemon [_thread_in_native, id=5380, stack(0x00000000569d0000,0x0000000056ad0000)]
=>0x0000000056511000 JavaThread "C2 CompilerThread0" daemon [_thread_in_native, id=564, stack(0x0000000056cb0000,0x0000000056db0000)]
  0x0000000056510800 JavaThread "Attach Listener" daemon [_thread_blocked, id=8644, stack(0x0000000056ae0000,0x0000000056be0000)]
  0x0000000054f91000 JavaThread "Signal Dispatcher" daemon [_thread_blocked, id=1736, stack(0x0000000056280000,0x0000000056380000)]
  0x0000000054f36800 JavaThread "Finalizer" daemon [_thread_blocked, id=9888, stack(0x0000000056410000,0x0000000056510000)]
  0x0000000054f2d800 JavaThread "Reference Handler" daemon [_thread_blocked, id=10612, stack(0x0000000056160000,0x0000000056260000)]
  0x00000000023ae000 JavaThread "main" [_thread_in_Java, id=7684, stack(0x0000000002540000,0x0000000002640000)]

Other Threads:
  0x0000000054f26000 VMThread [stack: 0x0000000055f90000,0x0000000056090000] [id=5352]
  0x0000000056594800 WatcherThread [stack: 0x0000000056dd0000,0x0000000056ed0000] [id=10608]

VM state:not at safepoint (normal execution)

VM Mutex/Monitor currently owned by a thread: None

Heap:
 PSYoungGen      total 18944K, used 10793K [0x00000000eab00000, 0x00000000ed000000, 0x0000000100000000)
  eden space 16384K, 50% used [0x00000000eab00000,0x00000000eb30ad68,0x00000000ebb00000)
  from space 2560K, 99% used [0x00000000ebd80000,0x00000000ebfff790,0x00000000ec000000)
  to   space 2560K, 0% used [0x00000000ebb00000,0x00000000ebb00000,0x00000000ebd80000)
 ParOldGen       total 44032K, used 3810K [0x00000000c0000000, 0x00000000c2b00000, 0x00000000eab00000)
  object space 44032K, 8% used [0x00000000c0000000,0x00000000c03b8a58,0x00000000c2b00000)
 Metaspace       used 5658K, capacity 6960K, committed 7040K, reserved 1056768K
  class space    used 555K, capacity 616K, committed 640K, reserved 1048576K

Card table byte_map: [0x0000000011cd0000,0x0000000011ee0000] byte_map_base: 0x00000000116d0000

Marking Bits: (ParMarkBitMap*) 0x000000005c3ed490
 Begin Bits: [0x00000000123a0000, 0x00000000133a0000)
 End Bits:   [0x00000000133a0000, 0x00000000143a0000)

Polling page: 0x0000000000130000

CodeCache: size=245760Kb used=5081Kb max_used=5081Kb free=240678Kb
 bounds [0x0000000002910000, 0x0000000002e10000, 0x0000000011910000]
 total_blobs=1576 nmethods=1317 adapters=174
 compilation: enabled

Compilation events (10 events):
Event: 0.965 Thread 0x000000005651b000 nmethod 1318 0x0000000002e065d0 code [0x0000000002e067a0, 0x0000000002e06fa8]
Event: 0.965 Thread 0x000000005651b000 1320       3       com.android.dx.ssa.back.FirstFitLocalCombiningAllocator::canMapRegs (60 bytes)
Event: 0.967 Thread 0x000000005651b000 nmethod 1320 0x0000000002e07d10 code [0x0000000002e07f80, 0x0000000002e08f88]
Event: 0.975 Thread 0x000000005651b000 1323       3       com.android.dx.ssa.DomFront::<init> (60 bytes)
Event: 0.975 Thread 0x000000005651b000 nmethod 1323 0x0000000002e02250 code [0x0000000002e023e0, 0x0000000002e02a10]
Event: 0.976 Thread 0x000000005651b000 1325       3       com.android.dx.ssa.SsaMethod::forEachBlockDepthFirstDom (128 bytes)
Event: 0.978 Thread 0x000000005651b000 nmethod 1325 0x0000000002e09850 code [0x0000000002e09ba0, 0x0000000002e0bc18]
Event: 0.978 Thread 0x000000005651b000 1327       1       com.android.dx.rop.cst.TypedConstant::isConstant (2 bytes)
Event: 0.978 Thread 0x000000005651b000 nmethod 1327 0x0000000002dd0ed0 code [0x0000000002dd1020, 0x0000000002dd1130]
Event: 0.978 Thread 0x000000005651b000 1324       3       com.android.dx.ssa.DomFront::run (264 bytes)

GC Heap History (4 events):
Event: 0.604 GC heap before
{Heap before GC invocations=1 (full 0):
 PSYoungGen      total 18944K, used 16384K [0x00000000eab00000, 0x00000000ec000000, 0x0000000100000000)
  eden space 16384K, 100% used [0x00000000eab00000,0x00000000ebb00000,0x00000000ebb00000)
  from space 2560K, 0% used [0x00000000ebd80000,0x00000000ebd80000,0x00000000ec000000)
  to   space 2560K, 0% used [0x00000000ebb00000,0x00000000ebb00000,0x00000000ebd80000)
 ParOldGen       total 44032K, used 0K [0x00000000c0000000, 0x00000000c2b00000, 0x00000000eab00000)
  object space 44032K, 0% used [0x00000000c0000000,0x00000000c0000000,0x00000000c2b00000)
 Metaspace       used 5446K, capacity 6768K, committed 7040K, reserved 1056768K
  class space    used 548K, capacity 616K, committed 640K, reserved 1048576K
Event: 0.610 GC heap after
Heap after GC invocations=1 (full 0):
 PSYoungGen      total 18944K, used 2544K [0x00000000eab00000, 0x00000000ec000000, 0x0000000100000000)
  eden space 16384K, 0% used [0x00000000eab00000,0x00000000eab00000,0x00000000ebb00000)
  from space 2560K, 99% used [0x00000000ebb00000,0x00000000ebd7c028,0x00000000ebd80000)
  to   space 2560K, 0% used [0x00000000ebd80000,0x00000000ebd80000,0x00000000ec000000)
 ParOldGen       total 44032K, used 1967K [0x00000000c0000000, 0x00000000c2b00000, 0x00000000eab00000)
  object space 44032K, 4% used [0x00000000c0000000,0x00000000c01ebf38,0x00000000c2b00000)
 Metaspace       used 5446K, capacity 6768K, committed 7040K, reserved 1056768K
  class space    used 548K, capacity 616K, committed 640K, reserved 1048576K
}
Event: 0.832 GC heap before
{Heap before GC invocations=2 (full 0):
 PSYoungGen      total 18944K, used 18928K [0x00000000eab00000, 0x00000000ec000000, 0x0000000100000000)
  eden space 16384K, 100% used [0x00000000eab00000,0x00000000ebb00000,0x00000000ebb00000)
  from space 2560K, 99% used [0x00000000ebb00000,0x00000000ebd7c028,0x00000000ebd80000)
  to   space 2560K, 0% used [0x00000000ebd80000,0x00000000ebd80000,0x00000000ec000000)
 ParOldGen       total 44032K, used 1967K [0x00000000c0000000, 0x00000000c2b00000, 0x00000000eab00000)
  object space 44032K, 4% used [0x00000000c0000000,0x00000000c01ebf38,0x00000000c2b00000)
 Metaspace       used 5585K, capacity 6896K, committed 7040K, reserved 1056768K
  class space    used 554K, capacity 616K, committed 640K, reserved 1048576K
Event: 0.842 GC heap after
Heap after GC invocations=2 (full 0):
 PSYoungGen      total 18944K, used 2557K [0x00000000eab00000, 0x00000000ed000000, 0x0000000100000000)
  eden space 16384K, 0% used [0x00000000eab00000,0x00000000eab00000,0x00000000ebb00000)
  from space 2560K, 99% used [0x00000000ebd80000,0x00000000ebfff790,0x00000000ec000000)
  to   space 2560K, 0% used [0x00000000ebb00000,0x00000000ebb00000,0x00000000ebd80000)
 ParOldGen       total 44032K, used 3810K [0x00000000c0000000, 0x00000000c2b00000, 0x00000000eab00000)
  object space 44032K, 8% used [0x00000000c0000000,0x00000000c03b8a58,0x00000000c2b00000)
 Metaspace       used 5585K, capacity 6896K, committed 7040K, reserved 1056768K
  class space    used 554K, capacity 616K, committed 640K, reserved 1048576K
}

Deoptimization events (10 events):
Event: 0.496 Thread 0x00000000023ae000 Uncommon trap: reason=bimorphic action=maybe_recompile pc=0x0000000002b8c628 method=java.util.HashMap.getNode(ILjava/lang/Object;)Ljava/util/HashMap$Node; @ 126
Event: 0.496 Thread 0x00000000023ae000 Uncommon trap: reason=bimorphic action=maybe_recompile pc=0x0000000002b8c628 method=java.util.HashMap.getNode(ILjava/lang/Object;)Ljava/util/HashMap$Node; @ 126
Event: 0.496 Thread 0x00000000023ae000 Uncommon trap: reason=bimorphic action=maybe_recompile pc=0x0000000002b8c628 method=java.util.HashMap.getNode(ILjava/lang/Object;)Ljava/util/HashMap$Node; @ 126
Event: 0.496 Thread 0x00000000023ae000 Uncommon trap: reason=bimorphic action=maybe_recompile pc=0x0000000002b48004 method=java.util.HashMap.getNode(ILjava/lang/Object;)Ljava/util/HashMap$Node; @ 126
Event: 0.497 Thread 0x00000000023ae000 Uncommon trap: reason=unreached action=reinterpret pc=0x0000000002ac3fc4 method=com.android.dx.rop.cst.Constant.compareTo(Lcom/android/dx/rop/cst/Constant;)I @ 12
Event: 0.529 Thread 0x00000000023ae000 Uncommon trap: reason=null_check action=make_not_entrant pc=0x0000000002c4e010 method=com.android.dx.rop.type.Type.equals(Ljava/lang/Object;)Z @ 8
Event: 0.585 Thread 0x00000000023ae000 Uncommon trap: reason=class_check action=maybe_recompile pc=0x0000000002be3478 method=com.android.dx.ssa.NormalSsaInsn.accept(Lcom/android/dx/ssa/SsaInsn$Visitor;)V @ 9
Event: 0.585 Thread 0x00000000023ae000 Uncommon trap: reason=class_check action=maybe_recompile pc=0x0000000002be3478 method=com.android.dx.ssa.NormalSsaInsn.accept(Lcom/android/dx/ssa/SsaInsn$Visitor;)V @ 9
Event: 0.683 Thread 0x00000000023ae000 Uncommon trap: reason=class_check action=maybe_recompile pc=0x0000000002be3478 method=com.android.dx.ssa.NormalSsaInsn.accept(Lcom/android/dx/ssa/SsaInsn$Visitor;)V @ 9
Event: 0.716 Thread 0x00000000023ae000 Uncommon trap: reason=class_check action=maybe_recompile pc=0x0000000002be3478 method=com.android.dx.ssa.NormalSsaInsn.accept(Lcom/android/dx/ssa/SsaInsn$Visitor;)V @ 9

Internal exceptions (10 events):
Event: 0.583 Thread 0x00000000023ae000 Exception <a 'java/security/PrivilegedActionException'> (0x00000000eba3ca00) thrown at [D:\re\workspace\8-2-build-windows-amd64-cygwin\jdk8u25\1677\hotspot\src\share\vm\prims\jvm.cpp, line 1312]
Event: 0.759 Thread 0x00000000023ae000 Exception <a 'java/security/PrivilegedActionException'> (0x00000000eb4b8370) thrown at [D:\re\workspace\8-2-build-windows-amd64-cygwin\jdk8u25\1677\hotspot\src\share\vm\prims\jvm.cpp, line 1312]
Event: 0.760 Thread 0x00000000023ae000 Exception <a 'java/security/PrivilegedActionException'> (0x00000000eb4beba0) thrown at [D:\re\workspace\8-2-build-windows-amd64-cygwin\jdk8u25\1677\hotspot\src\share\vm\prims\jvm.cpp, line 1312]
Event: 0.760 Thread 0x00000000023ae000 Exception <a 'java/security/PrivilegedActionException'> (0x00000000eb4c14d0) thrown at [D:\re\workspace\8-2-build-windows-amd64-cygwin\jdk8u25\1677\hotspot\src\share\vm\prims\jvm.cpp, line 1312]
Event: 0.761 Thread 0x00000000023ae000 Exception <a 'java/security/PrivilegedActionException'> (0x00000000eb4c69a8) thrown at [D:\re\workspace\8-2-build-windows-amd64-cygwin\jdk8u25\1677\hotspot\src\share\vm\prims\jvm.cpp, line 1312]
Event: 0.763 Thread 0x00000000023ae000 Exception <a 'java/security/PrivilegedActionException'> (0x00000000eb4df990) thrown at [D:\re\workspace\8-2-build-windows-amd64-cygwin\jdk8u25\1677\hotspot\src\share\vm\prims\jvm.cpp, line 1312]
Event: 0.776 Thread 0x00000000023ae000 Exception <a 'java/security/PrivilegedActionException'> (0x00000000eb5936e8) thrown at [D:\re\workspace\8-2-build-windows-amd64-cygwin\jdk8u25\1677\hotspot\src\share\vm\prims\jvm.cpp, line 1312]
Event: 0.776 Thread 0x00000000023ae000 Exception <a 'java/security/PrivilegedActionException'> (0x00000000eb599430) thrown at [D:\re\workspace\8-2-build-windows-amd64-cygwin\jdk8u25\1677\hotspot\src\share\vm\prims\jvm.cpp, line 1312]
Event: 0.777 Thread 0x00000000023ae000 Exception <a 'java/security/PrivilegedActionException'> (0x00000000eb59ee70) thrown at [D:\re\workspace\8-2-build-windows-amd64-cygwin\jdk8u25\1677\hotspot\src\share\vm\prims\jvm.cpp, line 1312]
Event: 0.963 Thread 0x00000000023ae000 Exception <a 'java/security/PrivilegedActionException'> (0x00000000eb14a408) thrown at [D:\re\workspace\8-2-build-windows-amd64-cygwin\jdk8u25\1677\hotspot\src\share\vm\prims\jvm.cpp, line 1312]

Events (10 events):
Event: 0.832 Executing VM operation: ParallelGCFailedAllocation
Event: 0.842 Executing VM operation: ParallelGCFailedAllocation done
Event: 0.866 Thread 0x00000000023ae000 DEOPT PACKING pc=0x0000000002baa33b sp=0x000000000263e4f0
Event: 0.866 Thread 0x00000000023ae000 DEOPT UNPACKING pc=0x00000000029571bf sp=0x000000000263e1e8 mode 0
Event: 0.894 Thread 0x00000000023ae000 DEOPT PACKING pc=0x0000000002c737cd sp=0x000000000263e440
Event: 0.894 Thread 0x00000000023ae000 DEOPT UNPACKING pc=0x00000000029571bf sp=0x000000000263e230 mode 0
Event: 0.925 Thread 0x00000000023ae000 DEOPT PACKING pc=0x0000000002c737cd sp=0x000000000263e290
Event: 0.925 Thread 0x00000000023ae000 DEOPT UNPACKING pc=0x00000000029571bf sp=0x000000000263e070 mode 0
Event: 0.963 loading class com/android/dx/cf/attrib/AttLocalVariableTypeTable
Event: 0.963 loading class com/android/dx/cf/attrib/AttLocalVariableTypeTable done


Dynamic libraries:
0x000000013f770000 - 0x000000013f7a4000 	C:\Program Files\Java\jdk1.8.0_25\bin\java.exe
0x0000000077690000 - 0x000000007783b000 	C:\Windows\SYSTEM32\ntdll.dll
0x0000000077570000 - 0x000000007768f000 	C:\Windows\system32\kernel32.dll
0x000007fefd950000 - 0x000007fefd9bb000 	C:\Windows\system32\KERNELBASE.dll
0x000007fefd9c0000 - 0x000007fefda9b000 	C:\Windows\system32\ADVAPI32.dll
0x000007fefe7d0000 - 0x000007fefe86f000 	C:\Windows\system32\msvcrt.dll
0x000007feff680000 - 0x000007feff69f000 	C:\Windows\SYSTEM32\sechost.dll
0x000007fefdd00000 - 0x000007fefde2e000 	C:\Windows\system32\RPCRT4.dll
0x0000000077470000 - 0x000000007756a000 	C:\Windows\system32\USER32.dll
0x000007fefdc90000 - 0x000007fefdcf7000 	C:\Windows\system32\GDI32.dll
0x000007fefe0d0000 - 0x000007fefe0de000 	C:\Windows\system32\LPK.dll
0x000007fefdaa0000 - 0x000007fefdb6a000 	C:\Windows\system32\USP10.dll
0x000007fefc0d0000 - 0x000007fefc2c4000 	C:\Windows\WinSxS\amd64_microsoft.windows.common-controls_6595b64144ccf1df_6.0.7600.16385_none_fa645303170382f6\COMCTL32.dll
0x000007fefe870000 - 0x000007fefe8e1000 	C:\Windows\system32\SHLWAPI.dll
0x000007fefde30000 - 0x000007fefde5e000 	C:\Windows\system32\IMM32.DLL
0x000007fefe620000 - 0x000007fefe729000 	C:\Windows\system32\MSCTF.dll
0x0000000071910000 - 0x00000000719e2000 	C:\Program Files\Java\jdk1.8.0_25\jre\bin\msvcr100.dll
0x000000005bc10000 - 0x000000005c46a000 	C:\Program Files\Java\jdk1.8.0_25\jre\bin\server\jvm.dll
0x000007fef7ed0000 - 0x000007fef7ed9000 	C:\Windows\system32\WSOCK32.dll
0x000007fefe780000 - 0x000007fefe7cd000 	C:\Windows\system32\WS2_32.dll
0x000007fefdf40000 - 0x000007fefdf48000 	C:\Windows\system32\NSI.dll
0x000007fefbd00000 - 0x000007fefbd3b000 	C:\Windows\system32\WINMM.dll
0x0000000077850000 - 0x0000000077857000 	C:\Windows\system32\PSAPI.DLL
0x0000000072e90000 - 0x0000000072e9f000 	C:\Program Files\Java\jdk1.8.0_25\jre\bin\verify.dll
0x00000000728b0000 - 0x00000000728d8000 	C:\Program Files\Java\jdk1.8.0_25\jre\bin\java.dll
0x0000000072e70000 - 0x0000000072e86000 	C:\Program Files\Java\jdk1.8.0_25\jre\bin\zip.dll
0x000007fefe8f0000 - 0x000007feff676000 	C:\Windows\system32\SHELL32.dll
0x000007fefe410000 - 0x000007fefe611000 	C:\Windows\system32\ole32.dll
0x000007fefd5f0000 - 0x000007fefd5ff000 	C:\Windows\system32\profapi.dll

VM Arguments:
jvm_args: -Xmx1024M -Dfile.encoding=windows-1252 -Duser.country=SE -Duser.language=sv -Duser.variant 
java_command: com.android.dx.command.Main --dex --output C:\Users\Cong\Desktop\Skola\DL141E\app\build\intermediates\dex\debug C:\Users\Cong\Desktop\Skola\DL141E\app\build\intermediates\classes\debug C:\Users\Cong\Desktop\Skola\DL141E\app\build\intermediates\pre-dexed\debug\support-annotations-21.0.3-095ecb3e43b7879828f835f9845010518bc10bc9.jar C:\Users\Cong\Desktop\Skola\DL141E\app\build\intermediates\pre-dexed\debug\achartengine-1.1.0-38e7782883d69072a8b49022f9291fb0a92604e2.jar C:\Users\Cong\Desktop\Skola\DL141E\app\build\intermediates\pre-dexed\debug\internal_impl-21.0.3-9c170a5dae47a12be559a3d17128c18ebd35b54a.jar C:\Users\Cong\Desktop\Skola\DL141E\app\build\intermediates\pre-dexed\debug\classes-fe0659e964d7d3b081f3df5506ec1425c6222c5d.jar C:\Users\Cong\Desktop\Skola\DL141E\app\build\intermediates\pre-dexed\debug\classes-f494ea3084bd208a70ac14e37dc82b6a8e85eff5.jar
java_class_path (initial): C:\Users\Cong\AppData\Local\Android\sdk\build-tools\21.1.2\lib\dx.jar
Launcher Type: SUN_STANDARD

Environment Variables:
PATH=C:\ProgramData\Oracle\Java\javapath;C:\Windows\system32;C:\Windows;C:\Windows\System32\Wbem;C:\Windows\System32\WindowsPowerShell\v1.0\;C:\Program Files\Intel\WiFi\bin\;C:\Program Files\Common Files\Intel\WirelessCommon\;C:\Program Files (x86)\Intel\OpenCL SDK\2.0\bin\x86;C:\Program Files (x86)\Intel\OpenCL SDK\2.0\bin\x64;C:\Program Files\MATLAB\runtime\win64;C:\Program Files\MATLAB\bin;C:\Program Files (x86)\Skype\Phone\;C:\Program Files\Intel\WiFi\bin\;C:\Program Files\Common Files\Intel\WirelessCommon\
USERNAME=Cong
OS=Windows_NT
PROCESSOR_IDENTIFIER=Intel64 Family 6 Model 42 Stepping 7, GenuineIntel



---------------  S Y S T E M  ---------------

OS: Windows 7 , 64 bit Build 7600 

CPU:total 4 (2 cores per cpu, 2 threads per core) family 6 model 42 stepping 7, cmov, cx8, fxsr, mmx, sse, sse2, sse3, ssse3, sse4.1, sse4.2, popcnt, aes, clmul, ht, tsc, tscinvbit

Memory: 4k page, physical 4073636k(234120k free), swap 7537848k(4856k free)

vm_info: Java HotSpot(TM) 64-Bit Server VM (25.25-b02) for windows-amd64 JRE (1.8.0_25-b18), built on Oct  7 2014 14:25:37 by "java_re" with MS VC++ 10.0 (VS2010)

time: Mon Nov 16 15:35:16 2015
elapsed time: 0 seconds (0d 0h 0m 0s)

